
CommandNotFoundError: Your shell has not been properly configured to use 'conda activate'.
To initialize your shell, run

    $ conda init <SHELL_NAME>

Currently supported shells are:
  - bash
  - fish
  - tcsh
  - xonsh
  - zsh
  - powershell

See 'conda init --help' for more information and options.

IMPORTANT: You may need to close and restart your shell after running 'conda init'.


SLURM_JOBID=/var/spool/slurm/slurmd/job30185882/slurm_script
Job Detail : Vgg16AE ..AE.vgg16AE_128 100 Max 100-22 8 3
Training Size : 1734
Validation Size : 744
----------------------------------------------------------------
        Layer (type)               Output Shape         Param #
================================================================
            Conv2d-1         [-1, 64, 256, 256]           1,792
              ReLU-2         [-1, 64, 256, 256]               0
            Conv2d-3         [-1, 64, 256, 256]          36,928
              ReLU-4         [-1, 64, 256, 256]               0
         MaxPool2d-5         [-1, 64, 128, 128]               0
            Conv2d-6        [-1, 128, 128, 128]          73,856
              ReLU-7        [-1, 128, 128, 128]               0
            Conv2d-8        [-1, 128, 128, 128]         147,584
              ReLU-9        [-1, 128, 128, 128]               0
        MaxPool2d-10          [-1, 128, 64, 64]               0
           Conv2d-11          [-1, 256, 64, 64]         295,168
             ReLU-12          [-1, 256, 64, 64]               0
           Conv2d-13          [-1, 256, 64, 64]         590,080
             ReLU-14          [-1, 256, 64, 64]               0
           Conv2d-15          [-1, 256, 64, 64]         590,080
             ReLU-16          [-1, 256, 64, 64]               0
        MaxPool2d-17          [-1, 256, 32, 32]               0
           Conv2d-18          [-1, 512, 32, 32]       1,180,160
             ReLU-19          [-1, 512, 32, 32]               0
           Conv2d-20          [-1, 512, 32, 32]       2,359,808
             ReLU-21          [-1, 512, 32, 32]               0
           Conv2d-22          [-1, 512, 32, 32]       2,359,808
             ReLU-23          [-1, 512, 32, 32]               0
        MaxPool2d-24          [-1, 512, 16, 16]               0
           Conv2d-25          [-1, 512, 16, 16]       2,359,808
             ReLU-26          [-1, 512, 16, 16]               0
           Conv2d-27          [-1, 512, 16, 16]       2,359,808
             ReLU-28          [-1, 512, 16, 16]               0
           Conv2d-29          [-1, 512, 16, 16]       2,359,808
             ReLU-30          [-1, 512, 16, 16]               0
        AvgPool2d-31            [-1, 512, 8, 8]               0
           Conv2d-32             [-1, 64, 8, 8]         294,976
           Linear-33                  [-1, 128]         524,416
           Conv2d-34             [-1, 64, 8, 8]           1,216
             ReLU-35             [-1, 64, 8, 8]               0
           Conv2d-36            [-1, 128, 8, 8]          73,856
             ReLU-37            [-1, 128, 8, 8]               0
         Upsample-38          [-1, 128, 16, 16]               0
           Conv2d-39          [-1, 256, 16, 16]         295,168
             ReLU-40          [-1, 256, 16, 16]               0
           Conv2d-41          [-1, 256, 16, 16]         590,080
             ReLU-42          [-1, 256, 16, 16]               0
         Upsample-43          [-1, 256, 32, 32]               0
           Conv2d-44          [-1, 128, 32, 32]         295,040
             ReLU-45          [-1, 128, 32, 32]               0
           Conv2d-46          [-1, 128, 32, 32]         147,584
             ReLU-47          [-1, 128, 32, 32]               0
         Upsample-48          [-1, 128, 64, 64]               0
           Conv2d-49           [-1, 64, 64, 64]          73,792
             ReLU-50           [-1, 64, 64, 64]               0
           Conv2d-51           [-1, 64, 64, 64]          36,928
             ReLU-52           [-1, 64, 64, 64]               0
         Upsample-53         [-1, 64, 128, 128]               0
           Conv2d-54         [-1, 32, 128, 128]          18,464
             ReLU-55         [-1, 32, 128, 128]               0
           Conv2d-56         [-1, 32, 128, 128]           9,248
             ReLU-57         [-1, 32, 128, 128]               0
         Upsample-58         [-1, 32, 256, 256]               0
           Conv2d-59         [-1, 16, 256, 256]           4,624
             ReLU-60         [-1, 16, 256, 256]               0
           Conv2d-61          [-1, 3, 256, 256]             435
================================================================
Total params: 17,080,515
Trainable params: 17,080,515
Non-trainable params: 0
----------------------------------------------------------------
Input size (MB): 0.75
Forward/backward pass size (MB): 363.22
Params size (MB): 65.16
Estimated Total Size (MB): 429.13
----------------------------------------------------------------
Training Epoch :   0 | Total loss : 0.8929 
Validation Epoch :   0 | Total loss : 0.77836776| Model Time :57.22887301445007 | DataProcessing Time :213.91036462783813
Training Epoch :   1 | Total loss : 0.7054 
Validation Epoch :   1 | Total loss : 0.73260140| Model Time :48.66740894317627 | DataProcessing Time :193.70619106292725
Training Epoch :   2 | Total loss : 0.6588 
Validation Epoch :   2 | Total loss : 0.67222100| Model Time :49.70075869560242 | DataProcessing Time :197.45930337905884
Training Epoch :   3 | Total loss : 0.5459 
Validation Epoch :   3 | Total loss : 0.55112827| Model Time :50.27611541748047 | DataProcessing Time :194.54436707496643
Training Epoch :   4 | Total loss : 0.4865 
Validation Epoch :   4 | Total loss : 0.50175500| Model Time :49.48942995071411 | DataProcessing Time :192.8954439163208
Training Epoch :   5 | Total loss : 0.4509 
Validation Epoch :   5 | Total loss : 0.47740972| Model Time :50.85413599014282 | DataProcessing Time :201.62673997879028
Training Epoch :   6 | Total loss : 0.4235 
SVD converge fail SVD did not converge
SVD converge fail SVD did not converge
Validation Epoch :   6 | Total loss : 0.44177723| Model Time :48.348312854766846 | DataProcessing Time :192.96438312530518
Training Epoch :   7 | Total loss : 0.4024 
Validation Epoch :   7 | Total loss : 0.43028164| Model Time :47.77442002296448 | DataProcessing Time :188.64999270439148
Training Epoch :   8 | Total loss : 0.3952 
Validation Epoch :   8 | Total loss : 0.42575803| Model Time :47.60165286064148 | DataProcessing Time :192.11426663398743
Training Epoch :   9 | Total loss : 0.4016 
Validation Epoch :   9 | Total loss : 0.42854244| Model Time :49.12527513504028 | DataProcessing Time :185.1657793521881
Training Epoch :  10 | Total loss : 0.3945 
Validation Epoch :  10 | Total loss : 0.42234591| Model Time :48.24724626541138 | DataProcessing Time :188.16907501220703
Training Epoch :  11 | Total loss : 0.3892 
Validation Epoch :  11 | Total loss : 0.41905099| Model Time :48.381378173828125 | DataProcessing Time :184.17461442947388
Training Epoch :  12 | Total loss : 0.3858 
SVD converge fail SVD did not converge
Validation Epoch :  12 | Total loss : 0.41766685| Model Time :47.18459129333496 | DataProcessing Time :188.46372938156128
Training Epoch :  13 | Total loss : 0.3842 
Validation Epoch :  13 | Total loss : 0.41507894| Model Time :48.36739897727966 | DataProcessing Time :183.1031630039215
Training Epoch :  14 | Total loss : 0.3825 
SVD converge fail SVD did not converge
Validation Epoch :  14 | Total loss : 0.41315538| Model Time :47.00401043891907 | DataProcessing Time :187.15275526046753
Training Epoch :  15 | Total loss : 0.3810 
Validation Epoch :  15 | Total loss : 0.41251984| Model Time :48.043126583099365 | DataProcessing Time :189.87340664863586
Training Epoch :  16 | Total loss : 0.3809 
Validation Epoch :  16 | Total loss : 0.41363657| Model Time :48.4198157787323 | DataProcessing Time :178.8345251083374
Training Epoch :  17 | Total loss : 0.3801 
SVD converge fail SVD did not converge
Validation Epoch :  17 | Total loss : 0.41159162| Model Time :48.03207564353943 | DataProcessing Time :181.16066718101501
Training Epoch :  18 | Total loss : 0.3803 
Validation Epoch :  18 | Total loss : 0.41153353| Model Time :50.34787392616272 | DataProcessing Time :187.12183547019958
Training Epoch :  19 | Total loss : 0.3799 
Validation Epoch :  19 | Total loss : 0.41305146| Model Time :48.890214681625366 | DataProcessing Time :186.92374277114868
Training Epoch :  20 | Total loss : 0.3804 
Validation Epoch :  20 | Total loss : 0.41102964| Model Time :49.579121351242065 | DataProcessing Time :182.04778051376343
Training Epoch :  21 | Total loss : 0.3815 
Validation Epoch :  21 | Total loss : 0.41199347| Model Time :47.59087061882019 | DataProcessing Time :178.57703804969788
Training Epoch :  22 | Total loss : 0.3803 
Validation Epoch :  22 | Total loss : 0.41152865| Model Time :49.11043906211853 | DataProcessing Time :184.28629088401794
Training Epoch :  23 | Total loss : 0.3795 
Validation Epoch :  23 | Total loss : 0.41073200| Model Time :47.473119497299194 | DataProcessing Time :181.94964146614075
Training Epoch :  24 | Total loss : 0.3793 
Validation Epoch :  24 | Total loss : 0.41106874| Model Time :48.78081655502319 | DataProcessing Time :177.69197297096252
Training Epoch :  25 | Total loss : 0.3788 
SVD converge fail SVD did not converge
SVD converge fail SVD did not converge
Validation Epoch :  25 | Total loss : 0.41009134| Model Time :50.354289293289185 | DataProcessing Time :177.19249939918518
Training Epoch :  26 | Total loss : 0.3791 
Validation Epoch :  26 | Total loss : 0.41013139| Model Time :48.23767113685608 | DataProcessing Time :178.9205207824707
Training Epoch :  27 | Total loss : 0.3787 
Validation Epoch :  27 | Total loss : 0.41131765| Model Time :49.66041445732117 | DataProcessing Time :182.6945559978485
Training Epoch :  28 | Total loss : 0.3782 
Validation Epoch :  28 | Total loss : 0.40950719| Model Time :50.124507188797 | DataProcessing Time :181.8128912448883
Training Epoch :  29 | Total loss : 0.3778 
Validation Epoch :  29 | Total loss : 0.41058862| Model Time :47.874528884887695 | DataProcessing Time :182.86023139953613
Training Epoch :  30 | Total loss : 0.3782 
SVD converge fail SVD did not converge
Validation Epoch :  30 | Total loss : 0.40807346| Model Time :47.77342700958252 | DataProcessing Time :184.7366807460785
Training Epoch :  31 | Total loss : 0.3761 
Validation Epoch :  31 | Total loss : 0.40645072| Model Time :47.58220314979553 | DataProcessing Time :170.13988184928894
Training Epoch :  32 | Total loss : 0.3748 
Validation Epoch :  32 | Total loss : 0.40688571| Model Time :47.80192995071411 | DataProcessing Time :175.02004528045654
Training Epoch :  33 | Total loss : 0.3744 
Validation Epoch :  33 | Total loss : 0.40270030| Model Time :49.15437459945679 | DataProcessing Time :181.0894730091095
Training Epoch :  34 | Total loss : 0.3718 
Validation Epoch :  34 | Total loss : 0.40224087| Model Time :47.78167247772217 | DataProcessing Time :177.46159863471985
Training Epoch :  35 | Total loss : 0.3700 
Validation Epoch :  35 | Total loss : 0.40043202| Model Time :49.22145318984985 | DataProcessing Time :180.72483372688293
Training Epoch :  36 | Total loss : 0.3690 
SVD converge fail SVD did not converge
SVD converge fail SVD did not converge
Validation Epoch :  36 | Total loss : 0.40938991| Model Time :48.51045274734497 | DataProcessing Time :178.82566213607788
Training Epoch :  37 | Total loss : 0.3715 
Validation Epoch :  37 | Total loss : 0.39899951| Model Time :49.345173835754395 | DataProcessing Time :179.59034061431885
Training Epoch :  38 | Total loss : 0.3686 
Validation Epoch :  38 | Total loss : 0.39946109| Model Time :50.1934118270874 | DataProcessing Time :178.44930982589722
Training Epoch :  39 | Total loss : 0.3680 
Validation Epoch :  39 | Total loss : 0.39883044| Model Time :49.63527274131775 | DataProcessing Time :172.59676551818848
Training Epoch :  40 | Total loss : 0.3685 
Validation Epoch :  40 | Total loss : 0.39849728| Model Time :50.05887150764465 | DataProcessing Time :181.30834984779358
Training Epoch :  41 | Total loss : 0.3672 
SVD converge fail SVD did not converge
Validation Epoch :  41 | Total loss : 0.39685908| Model Time :50.06460881233215 | DataProcessing Time :176.95714449882507
Training Epoch :  42 | Total loss : 0.3661 
Validation Epoch :  42 | Total loss : 0.39603290| Model Time :49.99471998214722 | DataProcessing Time :173.25851225852966
Training Epoch :  43 | Total loss : 0.3660 
SVD converge fail SVD did not converge
Validation Epoch :  43 | Total loss : 0.39857861| Model Time :48.90993142127991 | DataProcessing Time :179.44814205169678
Training Epoch :  44 | Total loss : 0.3656 
Validation Epoch :  44 | Total loss : 0.40040913| Model Time :49.508565187454224 | DataProcessing Time :179.7693841457367
Training Epoch :  45 | Total loss : 0.3662 
Validation Epoch :  45 | Total loss : 0.39342347| Model Time :48.682605266571045 | DataProcessing Time :173.48635482788086
Training Epoch :  46 | Total loss : 0.3671 
Validation Epoch :  46 | Total loss : 0.40020415| Model Time :49.28636431694031 | DataProcessing Time :178.1394383907318
Training Epoch :  47 | Total loss : 0.4183 
Validation Epoch :  47 | Total loss : 0.42693201| Model Time :47.908103942871094 | DataProcessing Time :178.37665033340454
Training Epoch :  48 | Total loss : 0.3883 
Validation Epoch :  48 | Total loss : 0.41620836| Model Time :47.95791292190552 | DataProcessing Time :182.39321160316467
Training Epoch :  49 | Total loss : 0.3827 
Validation Epoch :  49 | Total loss : 0.41405383| Model Time :49.36628580093384 | DataProcessing Time :179.5828607082367
Training Epoch :  50 | Total loss : 0.3822 
Validation Epoch :  50 | Total loss : 0.41371328| Model Time :49.31156849861145 | DataProcessing Time :177.11787390708923
Training Epoch :  51 | Total loss : 0.3800 
Validation Epoch :  51 | Total loss : 0.41160232| Model Time :50.13498640060425 | DataProcessing Time :175.90812730789185
Training Epoch :  52 | Total loss : 0.3795 
Validation Epoch :  52 | Total loss : 0.41142038| Model Time :47.53708052635193 | DataProcessing Time :176.98810839653015
Training Epoch :  53 | Total loss : 0.3713 
Validation Epoch :  53 | Total loss : 0.39665046| Model Time :48.22281551361084 | DataProcessing Time :175.61647486686707
Training Epoch :  54 | Total loss : 0.3629 
Validation Epoch :  54 | Total loss : 0.39224455| Model Time :46.54964900016785 | DataProcessing Time :175.3530719280243
Training Epoch :  55 | Total loss : 0.3594 
Validation Epoch :  55 | Total loss : 0.38829118| Model Time :48.052377462387085 | DataProcessing Time :171.08453965187073
Training Epoch :  56 | Total loss : 0.3578 
Validation Epoch :  56 | Total loss : 0.38771260| Model Time :48.07808828353882 | DataProcessing Time :170.61858773231506
Training Epoch :  57 | Total loss : 0.3571 
Validation Epoch :  57 | Total loss : 0.38618925| Model Time :49.047510385513306 | DataProcessing Time :182.6377923488617
Training Epoch :  58 | Total loss : 0.3555 
Validation Epoch :  58 | Total loss : 0.38529956| Model Time :47.92178916931152 | DataProcessing Time :181.1924135684967
Training Epoch :  59 | Total loss : 0.3564 
Validation Epoch :  59 | Total loss : 0.38583267| Model Time :50.43871307373047 | DataProcessing Time :185.31857085227966
Training Epoch :  60 | Total loss : 0.3548 
Validation Epoch :  60 | Total loss : 0.38475266| Model Time :48.138919830322266 | DataProcessing Time :169.80664825439453
Training Epoch :  61 | Total loss : 0.3544 
Validation Epoch :  61 | Total loss : 0.38556644| Model Time :50.4215190410614 | DataProcessing Time :178.75746273994446
Training Epoch :  62 | Total loss : 0.3553 
Validation Epoch :  62 | Total loss : 0.38526687| Model Time :50.8118953704834 | DataProcessing Time :181.66342115402222
Training Epoch :  63 | Total loss : 0.3538 
Validation Epoch :  63 | Total loss : 0.38409036| Model Time :48.74529194831848 | DataProcessing Time :177.47397184371948
Training Epoch :  64 | Total loss : 0.3530 
Validation Epoch :  64 | Total loss : 0.38237348| Model Time :47.17392563819885 | DataProcessing Time :176.31848120689392
Training Epoch :  65 | Total loss : 0.3522 
Validation Epoch :  65 | Total loss : 0.38325584| Model Time :49.41942238807678 | DataProcessing Time :174.39529299736023
Training Epoch :  66 | Total loss : 0.3520 
Validation Epoch :  66 | Total loss : 0.38167283| Model Time :48.43470287322998 | DataProcessing Time :175.47141885757446
Training Epoch :  67 | Total loss : 0.3516 
Validation Epoch :  67 | Total loss : 0.38197330| Model Time :48.554702043533325 | DataProcessing Time :179.72988510131836
Training Epoch :  68 | Total loss : 0.3517 
Validation Epoch :  68 | Total loss : 0.38085490| Model Time :49.14325189590454 | DataProcessing Time :174.7094714641571
Training Epoch :  69 | Total loss : 0.3508 
Validation Epoch :  69 | Total loss : 0.37998518| Model Time :48.61431860923767 | DataProcessing Time :170.57669734954834
Training Epoch :  70 | Total loss : 0.3506 
Validation Epoch :  70 | Total loss : 0.37976137| Model Time :48.610663175582886 | DataProcessing Time :177.6392798423767
Training Epoch :  71 | Total loss : 0.3496 
Validation Epoch :  71 | Total loss : 0.37929595| Model Time :50.58218717575073 | DataProcessing Time :175.70718550682068
Training Epoch :  72 | Total loss : 0.3492 
Validation Epoch :  72 | Total loss : 0.37891361| Model Time :49.651793241500854 | DataProcessing Time :171.12571597099304
Training Epoch :  73 | Total loss : 0.3502 
Validation Epoch :  73 | Total loss : 0.37984353| Model Time :49.925854444503784 | DataProcessing Time :177.27127242088318
Training Epoch :  74 | Total loss : 0.3493 
Validation Epoch :  74 | Total loss : 0.37882116| Model Time :50.31696677207947 | DataProcessing Time :172.50037789344788
Training Epoch :  75 | Total loss : 0.3491 
Validation Epoch :  75 | Total loss : 0.37835303| Model Time :49.66904091835022 | DataProcessing Time :167.22751450538635
Training Epoch :  76 | Total loss : 0.3485 
Validation Epoch :  76 | Total loss : 0.37866381| Model Time :47.95881748199463 | DataProcessing Time :180.1191930770874
Training Epoch :  77 | Total loss : 0.3487 
Validation Epoch :  77 | Total loss : 0.37829325| Model Time :48.715505838394165 | DataProcessing Time :177.2692425251007
Training Epoch :  78 | Total loss : 0.3481 
Validation Epoch :  78 | Total loss : 0.37766045| Model Time :46.83472204208374 | DataProcessing Time :179.3881618976593
Training Epoch :  79 | Total loss : 0.3479 
Validation Epoch :  79 | Total loss : 0.37877831| Model Time :48.358946561813354 | DataProcessing Time :178.69993710517883
Training Epoch :  80 | Total loss : 0.3479 
Validation Epoch :  80 | Total loss : 0.37814897| Model Time :48.08183717727661 | DataProcessing Time :178.2065086364746
Training Epoch :  81 | Total loss : 0.3470 
Validation Epoch :  81 | Total loss : 0.37729949| Model Time :50.012643575668335 | DataProcessing Time :176.14686393737793
Training Epoch :  82 | Total loss : 0.3471 
Validation Epoch :  82 | Total loss : 0.37726751| Model Time :47.81747269630432 | DataProcessing Time :180.83061456680298
Training Epoch :  83 | Total loss : 0.3473 
Validation Epoch :  83 | Total loss : 0.37839904| Model Time :48.34100651741028 | DataProcessing Time :183.43926692008972
Training Epoch :  84 | Total loss : 0.3474 
Validation Epoch :  84 | Total loss : 0.37747067| Model Time :47.73821544647217 | DataProcessing Time :177.76842284202576
Training Epoch :  85 | Total loss : 0.3474 
Validation Epoch :  85 | Total loss : 0.37640741| Model Time :49.01122689247131 | DataProcessing Time :179.16854810714722
Training Epoch :  86 | Total loss : 0.3466 
Validation Epoch :  86 | Total loss : 0.37643537| Model Time :46.49910378456116 | DataProcessing Time :183.34225225448608
Training Epoch :  87 | Total loss : 0.3460 
Validation Epoch :  87 | Total loss : 0.37648517| Model Time :48.5701208114624 | DataProcessing Time :177.8396668434143
Training Epoch :  88 | Total loss : 0.3460 
Validation Epoch :  88 | Total loss : 0.37568870| Model Time :46.973968505859375 | DataProcessing Time :182.05531001091003
Training Epoch :  89 | Total loss : 0.3460 
Validation Epoch :  89 | Total loss : 0.37558416| Model Time :47.411978244781494 | DataProcessing Time :180.94350790977478
Training Epoch :  90 | Total loss : 0.3455 
Validation Epoch :  90 | Total loss : 0.37516791| Model Time :47.03638029098511 | DataProcessing Time :181.95225930213928
Training Epoch :  91 | Total loss : 0.3455 
Validation Epoch :  91 | Total loss : 0.37530437| Model Time :47.49480724334717 | DataProcessing Time :187.05306458473206
Training Epoch :  92 | Total loss : 0.3450 
Validation Epoch :  92 | Total loss : 0.37634012| Model Time :49.89154863357544 | DataProcessing Time :183.6093554496765
Training Epoch :  93 | Total loss : 0.3451 
Validation Epoch :  93 | Total loss : 0.37524936| Model Time :48.01506686210632 | DataProcessing Time :182.24096202850342
Training Epoch :  94 | Total loss : 0.3451 
Validation Epoch :  94 | Total loss : 0.37740809| Model Time :47.57221341133118 | DataProcessing Time :187.8237407207489
Training Epoch :  95 | Total loss : 0.3456 
Validation Epoch :  95 | Total loss : 0.37570265| Model Time :49.18723273277283 | DataProcessing Time :177.94013381004333
Training Epoch :  96 | Total loss : 0.3451 
Validation Epoch :  96 | Total loss : 0.37487987| Model Time :47.26166391372681 | DataProcessing Time :180.3393223285675
Training Epoch :  97 | Total loss : 0.3455 
Validation Epoch :  97 | Total loss : 0.37478107| Model Time :47.49480414390564 | DataProcessing Time :182.8758180141449
Training Epoch :  98 | Total loss : 0.3441 
Validation Epoch :  98 | Total loss : 0.37495703| Model Time :46.796772718429565 | DataProcessing Time :183.85295224189758
Training Epoch :  99 | Total loss : 0.3450 
SVD converge fail SVD did not converge
SVD converge fail SVD did not converge
Validation Epoch :  99 | Total loss : 0.37483910| Model Time :47.429500102996826 | DataProcessing Time :182.30932068824768
Training Epoch : 100 | Total loss : 0.3446 
Validation Epoch : 100 | Total loss : 0.37434676| Model Time :47.92544603347778 | DataProcessing Time :179.09871435165405
Training Epoch : 101 | Total loss : 0.3444 
Validation Epoch : 101 | Total loss : 0.37430289| Model Time :46.48023962974548 | DataProcessing Time :181.35580778121948
Training Epoch : 102 | Total loss : 0.3442 
Validation Epoch : 102 | Total loss : 0.37453181| Model Time :46.81048083305359 | DataProcessing Time :183.74934887886047
Training Epoch : 103 | Total loss : 0.3458 
Validation Epoch : 103 | Total loss : 0.37538159| Model Time :47.62812304496765 | DataProcessing Time :178.97902703285217
Training Epoch : 104 | Total loss : 0.3447 
Validation Epoch : 104 | Total loss : 0.37557921| Model Time :50.392457485198975 | DataProcessing Time :187.65280055999756
Training Epoch : 105 | Total loss : 0.3444 
Validation Epoch : 105 | Total loss : 0.37560731| Model Time :48.642563581466675 | DataProcessing Time :183.04475450515747
Training Epoch : 106 | Total loss : 0.3448 
Validation Epoch : 106 | Total loss : 0.37473705| Model Time :49.81851506233215 | DataProcessing Time :186.32446599006653
Training Epoch : 107 | Total loss : 0.3443 
Validation Epoch : 107 | Total loss : 0.37411612| Model Time :48.265069007873535 | DataProcessing Time :186.3138027191162
Training Epoch : 108 | Total loss : 0.3437 
Validation Epoch : 108 | Total loss : 0.37379926| Model Time :46.54979491233826 | DataProcessing Time :184.88129782676697
Training Epoch : 109 | Total loss : 0.3438 
Validation Epoch : 109 | Total loss : 0.37414047| Model Time :46.638466596603394 | DataProcessing Time :189.20228624343872
Training Epoch : 110 | Total loss : 0.3433 
Validation Epoch : 110 | Total loss : 0.37415418| Model Time :47.23935627937317 | DataProcessing Time :182.06102633476257
Training Epoch : 111 | Total loss : 0.3437 
Validation Epoch : 111 | Total loss : 0.37427005| Model Time :47.68824219703674 | DataProcessing Time :176.6476092338562
Training Epoch : 112 | Total loss : 0.3436 
Validation Epoch : 112 | Total loss : 0.37397426| Model Time :48.792701721191406 | DataProcessing Time :184.4606852531433
Training Epoch : 113 | Total loss : 0.3431 
Validation Epoch : 113 | Total loss : 0.37534016| Model Time :47.349218130111694 | DataProcessing Time :183.5395987033844
Training Epoch : 114 | Total loss : 0.3435 
SVD converge fail SVD did not converge
Validation Epoch : 114 | Total loss : 0.37406939| Model Time :47.00891709327698 | DataProcessing Time :188.38572454452515
Training Epoch : 115 | Total loss : 0.3431 
Validation Epoch : 115 | Total loss : 0.37367496| Model Time :50.19151997566223 | DataProcessing Time :179.9700572490692
Training Epoch : 116 | Total loss : 0.3435 
Validation Epoch : 116 | Total loss : 0.37468359| Model Time :46.95958471298218 | DataProcessing Time :182.1430423259735
Training Epoch : 117 | Total loss : 0.3430 
Validation Epoch : 117 | Total loss : 0.37357542| Model Time :47.89761805534363 | DataProcessing Time :184.51919889450073
Training Epoch : 118 | Total loss : 0.3424 
Validation Epoch : 118 | Total loss : 0.37345067| Model Time :46.18966507911682 | DataProcessing Time :181.27479553222656
Training Epoch : 119 | Total loss : 0.3427 
Validation Epoch : 119 | Total loss : 0.37419641| Model Time :48.654460430145264 | DataProcessing Time :188.78086805343628
Training Epoch : 120 | Total loss : 0.3433 
Validation Epoch : 120 | Total loss : 0.37437060| Model Time :47.66060948371887 | DataProcessing Time :182.43772435188293
Training Epoch : 121 | Total loss : 0.3428 
Validation Epoch : 121 | Total loss : 0.37323684| Model Time :49.47938060760498 | DataProcessing Time :178.8025188446045
Training Epoch : 122 | Total loss : 0.3426 
Validation Epoch : 122 | Total loss : 0.37325326| Model Time :46.78903245925903 | DataProcessing Time :180.3899199962616
Training Epoch : 123 | Total loss : 0.3421 
Validation Epoch : 123 | Total loss : 0.37325984| Model Time :48.577545404434204 | DataProcessing Time :183.25417757034302
Training Epoch : 124 | Total loss : 0.3425 
Validation Epoch : 124 | Total loss : 0.37309703| Model Time :48.02137088775635 | DataProcessing Time :181.45249462127686
Training Epoch : 125 | Total loss : 0.3428 
Validation Epoch : 125 | Total loss : 0.37501481| Model Time :48.14375686645508 | DataProcessing Time :182.58811140060425
Training Epoch : 126 | Total loss : 0.3424 
Validation Epoch : 126 | Total loss : 0.37355408| Model Time :47.96832799911499 | DataProcessing Time :183.73228216171265
Training Epoch : 127 | Total loss : 0.3419 
Validation Epoch : 127 | Total loss : 0.37345353| Model Time :49.15415835380554 | DataProcessing Time :187.97355389595032
Training Epoch : 128 | Total loss : 0.3421 
Validation Epoch : 128 | Total loss : 0.37319425| Model Time :46.845460414886475 | DataProcessing Time :184.81002140045166
Training Epoch : 129 | Total loss : 0.3420 
Validation Epoch : 129 | Total loss : 0.37297469| Model Time :48.76314949989319 | DataProcessing Time :182.84224104881287
Training Epoch : 130 | Total loss : 0.3419 
Validation Epoch : 130 | Total loss : 0.37423715| Model Time :45.44266963005066 | DataProcessing Time :180.3021275997162
Training Epoch : 131 | Total loss : 0.3418 
Validation Epoch : 131 | Total loss : 0.37300989| Model Time :48.937129974365234 | DataProcessing Time :187.64524269104004
Training Epoch : 132 | Total loss : 0.3422 
Validation Epoch : 132 | Total loss : 0.37398294| Model Time :50.38803720474243 | DataProcessing Time :178.5016348361969
Training Epoch : 133 | Total loss : 0.3423 
Validation Epoch : 133 | Total loss : 0.37362561| Model Time :46.40198588371277 | DataProcessing Time :177.25879168510437
Training Epoch : 134 | Total loss : 0.3416 
Validation Epoch : 134 | Total loss : 0.37347707| Model Time :47.94360542297363 | DataProcessing Time :183.24145698547363
Training Epoch : 135 | Total loss : 0.3416 
Validation Epoch : 135 | Total loss : 0.37318861| Model Time :48.36933207511902 | DataProcessing Time :185.77520418167114
Training Epoch : 136 | Total loss : 0.3417 
SVD converge fail SVD did not converge
Validation Epoch : 136 | Total loss : 0.37337717| Model Time :50.08232569694519 | DataProcessing Time :182.59117126464844
Training Epoch : 137 | Total loss : 0.3422 
Validation Epoch : 137 | Total loss : 0.37303442| Model Time :48.508322954177856 | DataProcessing Time :181.07485175132751
Training Epoch : 138 | Total loss : 0.3418 
Validation Epoch : 138 | Total loss : 0.37373957| Model Time :50.603193521499634 | DataProcessing Time :194.04655599594116
Training Epoch : 139 | Total loss : 0.3417 
Validation Epoch : 139 | Total loss : 0.37347570| Model Time :48.55332541465759 | DataProcessing Time :185.5330047607422
Training Epoch : 140 | Total loss : 0.3418 
Validation Epoch : 140 | Total loss : 0.37469426| Model Time :49.10662841796875 | DataProcessing Time :187.42716240882874
Training Epoch : 141 | Total loss : 0.3425 
Validation Epoch : 141 | Total loss : 0.37346572| Model Time :48.01853609085083 | DataProcessing Time :182.40111541748047
Training Epoch : 142 | Total loss : 0.3410 
Validation Epoch : 142 | Total loss : 0.37328488| Model Time :48.21226096153259 | DataProcessing Time :180.3065242767334
Training Epoch : 143 | Total loss : 0.3407 
Validation Epoch : 143 | Total loss : 0.37310711| Model Time :48.708757162094116 | DataProcessing Time :186.54459357261658
Training Epoch : 144 | Total loss : 0.3413 
Validation Epoch : 144 | Total loss : 0.37277517| Model Time :50.28960728645325 | DataProcessing Time :184.13322138786316
Training Epoch : 145 | Total loss : 0.3411 
Validation Epoch : 145 | Total loss : 0.37276849| Model Time :48.99780535697937 | DataProcessing Time :181.33313250541687
Training Epoch : 146 | Total loss : 0.3420 
Validation Epoch : 146 | Total loss : 0.37452191| Model Time :48.02297067642212 | DataProcessing Time :180.5235595703125
Training Epoch : 147 | Total loss : 0.3414 
Validation Epoch : 147 | Total loss : 0.37331417| Model Time :50.05339813232422 | DataProcessing Time :189.73106002807617
Training Epoch : 148 | Total loss : 0.3410 
Validation Epoch : 148 | Total loss : 0.37303719| Model Time :49.23593473434448 | DataProcessing Time :182.39804244041443
Training Epoch : 149 | Total loss : 0.3408 
Validation Epoch : 149 | Total loss : 0.37369666| Model Time :51.52294874191284 | DataProcessing Time :191.69299006462097
Training Epoch : 150 | Total loss : 0.3410 
Validation Epoch : 150 | Total loss : 0.37294918| Model Time :49.497748613357544 | DataProcessing Time :179.06945633888245
Training Epoch : 151 | Total loss : 0.3404 
Validation Epoch : 151 | Total loss : 0.37311667| Model Time :49.67298889160156 | DataProcessing Time :175.44383192062378
Training Epoch : 152 | Total loss : 0.3408 
Validation Epoch : 152 | Total loss : 0.37355527| Model Time :50.10446310043335 | DataProcessing Time :185.0170361995697
Training Epoch : 153 | Total loss : 0.3415 
Validation Epoch : 153 | Total loss : 0.37512952| Model Time :49.978107929229736 | DataProcessing Time :184.7513725757599
Training Epoch : 154 | Total loss : 0.3420 
Validation Epoch : 154 | Total loss : 0.37291485| Model Time :50.50155329704285 | DataProcessing Time :183.04769611358643
Training Epoch : 155 | Total loss : 0.3410 
Validation Epoch : 155 | Total loss : 0.37297627| Model Time :49.76535749435425 | DataProcessing Time :189.0614891052246
Training Epoch : 156 | Total loss : 0.3409 
Validation Epoch : 156 | Total loss : 0.37319830| Model Time :49.65463328361511 | DataProcessing Time :181.5725131034851
Training Epoch : 157 | Total loss : 0.3404 
Validation Epoch : 157 | Total loss : 0.37317851| Model Time :50.52770519256592 | DataProcessing Time :175.93870186805725
Training Epoch : 158 | Total loss : 0.3408 
Validation Epoch : 158 | Total loss : 0.37343708| Model Time :50.25975179672241 | DataProcessing Time :187.54908156394958
Training Epoch : 159 | Total loss : 0.3418 
Validation Epoch : 159 | Total loss : 0.37353712| Model Time :48.47514295578003 | DataProcessing Time :177.71469497680664
Training Epoch : 160 | Total loss : 0.3410 
SVD converge fail SVD did not converge
Validation Epoch : 160 | Total loss : 0.37326330| Model Time :50.450859785079956 | DataProcessing Time :185.62722492218018
Training Epoch : 161 | Total loss : 0.3405 
Validation Epoch : 161 | Total loss : 0.37245119| Model Time :59.38550400733948 | DataProcessing Time :182.6804404258728
Training Epoch : 162 | Total loss : 0.3403 
Validation Epoch : 162 | Total loss : 0.37348035| Model Time :51.30823254585266 | DataProcessing Time :178.47988891601562
Training Epoch : 163 | Total loss : 0.3407 
Validation Epoch : 163 | Total loss : 0.37316468| Model Time :50.41943025588989 | DataProcessing Time :178.519535779953
Training Epoch : 164 | Total loss : 0.3406 
Validation Epoch : 164 | Total loss : 0.37279043| Model Time :52.052571058273315 | DataProcessing Time :190.58074593544006
Training Epoch : 165 | Total loss : 0.3407 
Validation Epoch : 165 | Total loss : 0.37289777| Model Time :50.013444662094116 | DataProcessing Time :173.69828486442566
Training Epoch : 166 | Total loss : 0.3398 
Validation Epoch : 166 | Total loss : 0.37389889| Model Time :51.43483090400696 | DataProcessing Time :180.6177897453308
Training Epoch : 167 | Total loss : 0.3406 
Validation Epoch : 167 | Total loss : 0.37331522| Model Time :51.24953007698059 | DataProcessing Time :180.027357339859
Training Epoch : 168 | Total loss : 0.3399 
SVD converge fail SVD did not converge
Validation Epoch : 168 | Total loss : 0.37332603| Model Time :48.8283154964447 | DataProcessing Time :172.94974327087402
Training Epoch : 169 | Total loss : 0.3409 
Validation Epoch : 169 | Total loss : 0.37485397| Model Time :52.29290175437927 | DataProcessing Time :180.95864868164062
Training Epoch : 170 | Total loss : 0.3403 
Validation Epoch : 170 | Total loss : 0.37285417| Model Time :51.35064220428467 | DataProcessing Time :178.84768533706665
Training Epoch : 171 | Total loss : 0.3408 
Validation Epoch : 171 | Total loss : 0.37263343| Model Time :51.86522722244263 | DataProcessing Time :180.53837370872498
Training Epoch : 172 | Total loss : 0.3401 
Validation Epoch : 172 | Total loss : 0.37339363| Model Time :49.98595690727234 | DataProcessing Time :181.6167061328888
Training Epoch : 173 | Total loss : 0.3396 
Validation Epoch : 173 | Total loss : 0.37362897| Model Time :51.4588189125061 | DataProcessing Time :176.5232651233673
Training Epoch : 174 | Total loss : 0.3396 
Validation Epoch : 174 | Total loss : 0.37318036| Model Time :49.911198139190674 | DataProcessing Time :181.68361496925354
Training Epoch : 175 | Total loss : 0.3400 
Validation Epoch : 175 | Total loss : 0.37368116| Model Time :49.94734239578247 | DataProcessing Time :186.01575636863708
Training Epoch : 176 | Total loss : 0.3403 
SVD converge fail SVD did not converge
Validation Epoch : 176 | Total loss : 0.37275207| Model Time :49.70930504798889 | DataProcessing Time :185.59618163108826
Training Epoch : 177 | Total loss : 0.3399 
Validation Epoch : 177 | Total loss : 0.37278402| Model Time :50.67040824890137 | DataProcessing Time :184.47322058677673
Training Epoch : 178 | Total loss : 0.3395 
Validation Epoch : 178 | Total loss : 0.37286514| Model Time :50.44338130950928 | DataProcessing Time :182.97959399223328
Training Epoch : 179 | Total loss : 0.3397 
Validation Epoch : 179 | Total loss : 0.37309393| Model Time :50.93080520629883 | DataProcessing Time :187.79927372932434
Training Epoch : 180 | Total loss : 0.3398 
Validation Epoch : 180 | Total loss : 0.37332216| Model Time :47.908849000930786 | DataProcessing Time :194.57823300361633
Training Epoch : 181 | Total loss : 0.3398 
Validation Epoch : 181 | Total loss : 0.37299842| Model Time :49.56725883483887 | DataProcessing Time :178.25649309158325
Training Epoch : 182 | Total loss : 0.3393 
Validation Epoch : 182 | Total loss : 0.37340376| Model Time :49.432106733322144 | DataProcessing Time :189.5309898853302
Training Epoch : 183 | Total loss : 0.3392 
SVD converge fail SVD did not converge
Validation Epoch : 183 | Total loss : 0.37314147| Model Time :48.1541383266449 | DataProcessing Time :180.71699261665344
Training Epoch : 184 | Total loss : 0.3397 
Validation Epoch : 184 | Total loss : 0.37301752| Model Time :48.745928049087524 | DataProcessing Time :187.7420892715454
Training Epoch : 185 | Total loss : 0.3397 
SVD converge fail SVD did not converge
Validation Epoch : 185 | Total loss : 0.37273273| Model Time :49.39797759056091 | DataProcessing Time :185.4104516506195
Training Epoch : 186 | Total loss : 0.3396 
Validation Epoch : 186 | Total loss : 0.37612432| Model Time :49.66844391822815 | DataProcessing Time :188.6794309616089
Training Epoch : 187 | Total loss : 0.3408 
Validation Epoch : 187 | Total loss : 0.37489095| Model Time :47.647441387176514 | DataProcessing Time :182.52012300491333
Training Epoch : 188 | Total loss : 0.3399 
SVD converge fail SVD did not converge
Validation Epoch : 188 | Total loss : 0.37376493| Model Time :51.35572147369385 | DataProcessing Time :180.87560200691223
Training Epoch : 189 | Total loss : 0.3396 
Validation Epoch : 189 | Total loss : 0.37289879| Model Time :49.31776833534241 | DataProcessing Time :183.77269196510315
Training Epoch : 190 | Total loss : 0.3394 
Validation Epoch : 190 | Total loss : 0.37367126| Model Time :49.24366641044617 | DataProcessing Time :185.4926393032074
Training Epoch : 191 | Total loss : 0.3390 
Validation Epoch : 191 | Total loss : 0.37321347| Model Time :50.35834336280823 | DataProcessing Time :185.04410433769226
Training Epoch : 192 | Total loss : 0.3392 
Validation Epoch : 192 | Total loss : 0.37345713| Model Time :50.28614401817322 | DataProcessing Time :182.54294681549072
Training Epoch : 193 | Total loss : 0.3394 
Validation Epoch : 193 | Total loss : 0.37292248| Model Time :51.913816928863525 | DataProcessing Time :186.55596446990967
Training Epoch : 194 | Total loss : 0.3384 
Validation Epoch : 194 | Total loss : 0.37315291| Model Time :50.461023569107056 | DataProcessing Time :187.89450454711914
Training Epoch : 195 | Total loss : 0.3395 
Validation Epoch : 195 | Total loss : 0.37415132| Model Time :50.85001349449158 | DataProcessing Time :188.81590247154236
Training Epoch : 196 | Total loss : 0.3391 
SVD converge fail SVD did not converge
Validation Epoch : 196 | Total loss : 0.37260428| Model Time :50.17898654937744 | DataProcessing Time :187.59164810180664
Training Epoch : 197 | Total loss : 0.3392 
Validation Epoch : 197 | Total loss : 0.37333792| Model Time :47.01477789878845 | DataProcessing Time :184.2434070110321
Training Epoch : 198 | Total loss : 0.3382 
Validation Epoch : 198 | Total loss : 0.37298968| Model Time :48.20456385612488 | DataProcessing Time :176.3841507434845
Training Epoch : 199 | Total loss : 0.3383 
SVD converge fail SVD did not converge
SVD converge fail SVD did not converge
Validation Epoch : 199 | Total loss : 0.37323219| Model Time :47.81112051010132 | DataProcessing Time :177.4873342514038
Training Epoch : 200 | Total loss : 0.3386 
Validation Epoch : 200 | Total loss : 0.37308547| Model Time :47.8657443523407 | DataProcessing Time :179.76759433746338
Training Epoch : 201 | Total loss : 0.3384 
Validation Epoch : 201 | Total loss : 0.37210327| Model Time :47.87753915786743 | DataProcessing Time :180.37556791305542
Training Epoch : 202 | Total loss : 0.3382 
Validation Epoch : 202 | Total loss : 0.37259081| Model Time :48.00044870376587 | DataProcessing Time :179.10394167900085
Training Epoch : 203 | Total loss : 0.3383 
Validation Epoch : 203 | Total loss : 0.37288797| Model Time :47.967785596847534 | DataProcessing Time :187.12151646614075
Training Epoch : 204 | Total loss : 0.3385 
Validation Epoch : 204 | Total loss : 0.37286723| Model Time :47.220757246017456 | DataProcessing Time :175.92609405517578
Training Epoch : 205 | Total loss : 0.3382 
Validation Epoch : 205 | Total loss : 0.37287000| Model Time :46.89323449134827 | DataProcessing Time :180.18196535110474
Training Epoch : 206 | Total loss : 0.3378 
Validation Epoch : 206 | Total loss : 0.37177226| Model Time :48.58595013618469 | DataProcessing Time :182.0429232120514
Training Epoch : 207 | Total loss : 0.3380 
Validation Epoch : 207 | Total loss : 0.37225249| Model Time :46.938008546829224 | DataProcessing Time :177.51449704170227
Training Epoch : 208 | Total loss : 0.3380 
Validation Epoch : 208 | Total loss : 0.37302414| Model Time :48.04817080497742 | DataProcessing Time :179.72934079170227
Training Epoch : 209 | Total loss : 0.3378 
Validation Epoch : 209 | Total loss : 0.37237141| Model Time :47.721944093704224 | DataProcessing Time :177.31912422180176
Training Epoch : 210 | Total loss : 0.3374 
Validation Epoch : 210 | Total loss : 0.37153643| Model Time :47.766098976135254 | DataProcessing Time :183.85640835762024
Training Epoch : 211 | Total loss : 0.3369 
Validation Epoch : 211 | Total loss : 0.37059867| Model Time :46.17941999435425 | DataProcessing Time :178.95400595664978
Training Epoch : 212 | Total loss : 0.3358 
Validation Epoch : 212 | Total loss : 0.36996633| Model Time :46.24816155433655 | DataProcessing Time :181.4813494682312
Training Epoch : 213 | Total loss : 0.3358 
Validation Epoch : 213 | Total loss : 0.37091467| Model Time :47.20964050292969 | DataProcessing Time :182.0799629688263
Training Epoch : 214 | Total loss : 0.3363 
Validation Epoch : 214 | Total loss : 0.37007740| Model Time :48.08372759819031 | DataProcessing Time :180.77475571632385
Training Epoch : 215 | Total loss : 0.3359 
Validation Epoch : 215 | Total loss : 0.36884481| Model Time :48.33357572555542 | DataProcessing Time :190.51954698562622
Training Epoch : 216 | Total loss : 0.3352 
SVD converge fail SVD did not converge
SVD converge fail SVD did not converge
Validation Epoch : 216 | Total loss : 0.36954346| Model Time :46.91954469680786 | DataProcessing Time :187.23626112937927
Training Epoch : 217 | Total loss : 0.3348 
Validation Epoch : 217 | Total loss : 0.36840132| Model Time :46.64973998069763 | DataProcessing Time :183.70035433769226
Training Epoch : 218 | Total loss : 0.3353 
Validation Epoch : 218 | Total loss : 0.36901602| Model Time :45.809030294418335 | DataProcessing Time :186.8829803466797
Training Epoch : 219 | Total loss : 0.3346 
SVD converge fail SVD did not converge
Validation Epoch : 219 | Total loss : 0.36937317| Model Time :46.5076117515564 | DataProcessing Time :179.29651951789856
Training Epoch : 220 | Total loss : 0.3341 
Validation Epoch : 220 | Total loss : 0.36756852| Model Time :46.207319498062134 | DataProcessing Time :185.39721274375916
Training Epoch : 221 | Total loss : 0.3334 
SVD converge fail SVD did not converge
Validation Epoch : 221 | Total loss : 0.36823699| Model Time :46.18305253982544 | DataProcessing Time :187.2091691493988
Training Epoch : 222 | Total loss : 0.3335 
Validation Epoch : 222 | Total loss : 0.36737806| Model Time :47.480555057525635 | DataProcessing Time :197.95082426071167
Training Epoch : 223 | Total loss : 0.3333 
SVD converge fail SVD did not converge
Validation Epoch : 223 | Total loss : 0.36878693| Model Time :47.2832236289978 | DataProcessing Time :186.26443004608154
Training Epoch : 224 | Total loss : 0.3355 
Validation Epoch : 224 | Total loss : 0.36733353| Model Time :47.24302434921265 | DataProcessing Time :181.60576033592224
Training Epoch : 225 | Total loss : 0.3332 
Validation Epoch : 225 | Total loss : 0.36608237| Model Time :46.81291747093201 | DataProcessing Time :186.87862348556519
Training Epoch : 226 | Total loss : 0.3323 
Validation Epoch : 226 | Total loss : 0.36786184| Model Time :45.78910827636719 | DataProcessing Time :185.36644053459167
Training Epoch : 227 | Total loss : 0.3322 
Validation Epoch : 227 | Total loss : 0.36610249| Model Time :47.79555654525757 | DataProcessing Time :187.26247358322144
Training Epoch : 228 | Total loss : 0.3318 
Validation Epoch : 228 | Total loss : 0.36674613| Model Time :47.82417631149292 | DataProcessing Time :180.86578154563904
Training Epoch : 229 | Total loss : 0.3319 
Validation Epoch : 229 | Total loss : 0.36536324| Model Time :48.007230043411255 | DataProcessing Time :185.302809715271
Training Epoch : 230 | Total loss : 0.3318 
Validation Epoch : 230 | Total loss : 0.36584798| Model Time :46.07863903045654 | DataProcessing Time :193.28454089164734
Training Epoch : 231 | Total loss : 0.3317 
Validation Epoch : 231 | Total loss : 0.36711130| Model Time :48.42054033279419 | DataProcessing Time :182.85642623901367
Training Epoch : 232 | Total loss : 0.3308 
Validation Epoch : 232 | Total loss : 0.36609501| Model Time :47.42939782142639 | DataProcessing Time :189.62428975105286
Training Epoch : 233 | Total loss : 0.3304 
Validation Epoch : 233 | Total loss : 0.36633655| Model Time :47.46007299423218 | DataProcessing Time :185.27402997016907
Training Epoch : 234 | Total loss : 0.3306 
SVD converge fail SVD did not converge
Validation Epoch : 234 | Total loss : 0.36537215| Model Time :46.86028814315796 | DataProcessing Time :190.28088569641113
Training Epoch : 235 | Total loss : 0.3308 
Validation Epoch : 235 | Total loss : 0.36449325| Model Time :45.92011213302612 | DataProcessing Time :184.94568538665771
Training Epoch : 236 | Total loss : 0.3303 
SVD converge fail SVD did not converge
Validation Epoch : 236 | Total loss : 0.36464012| Model Time :47.54351592063904 | DataProcessing Time :195.1311972141266
Training Epoch : 237 | Total loss : 0.3299 
Validation Epoch : 237 | Total loss : 0.36519325| Model Time :46.864664793014526 | DataProcessing Time :180.60978627204895
Training Epoch : 238 | Total loss : 0.3299 
Validation Epoch : 238 | Total loss : 0.36529759| Model Time :45.97093462944031 | DataProcessing Time :194.1198992729187
Training Epoch : 239 | Total loss : 0.3295 
SVD converge fail SVD did not converge
Validation Epoch : 239 | Total loss : 0.36521044| Model Time :46.713903188705444 | DataProcessing Time :188.7926688194275
Training Epoch : 240 | Total loss : 0.3295 
Validation Epoch : 240 | Total loss : 0.36636513| Model Time :47.35689616203308 | DataProcessing Time :183.33415532112122
Training Epoch : 241 | Total loss : 0.3300 
Validation Epoch : 241 | Total loss : 0.36505416| Model Time :46.67715883255005 | DataProcessing Time :184.00691747665405
Training Epoch : 242 | Total loss : 0.3295 
Validation Epoch : 242 | Total loss : 0.36434838| Model Time :47.70344638824463 | DataProcessing Time :184.6152012348175
Training Epoch : 243 | Total loss : 0.3292 
Validation Epoch : 243 | Total loss : 0.36548981| Model Time :46.824098348617554 | DataProcessing Time :186.19559836387634
Training Epoch : 244 | Total loss : 0.3298 
Validation Epoch : 244 | Total loss : 0.36463150| Model Time :47.75060486793518 | DataProcessing Time :192.4814612865448
Training Epoch : 245 | Total loss : 0.3293 
SVD converge fail SVD did not converge
Validation Epoch : 245 | Total loss : 0.36435083| Model Time :47.20277523994446 | DataProcessing Time :187.49454808235168
Training Epoch : 246 | Total loss : 0.3287 
slurmstepd: error: *** JOB 30185882 ON falcon1 CANCELLED AT 2022-06-11T22:15:18 ***
