
CommandNotFoundError: Your shell has not been properly configured to use 'conda activate'.
To initialize your shell, run

    $ conda init <SHELL_NAME>

Currently supported shells are:
  - bash
  - fish
  - tcsh
  - xonsh
  - zsh
  - powershell

See 'conda init --help' for more information and options.

IMPORTANT: You may need to close and restart your shell after running 'conda init'.


SLURM_JOBID=/var/spool/slurm/slurmd/job30182480/slurm_script
Job Detail : AE ..AE.AE_208 100 Max 100-20 8 3
Training Size : 1734
Validation Size : 744
----------------------------------------------------------------
        Layer (type)               Output Shape         Param #
================================================================
            Conv2d-1         [-1, 64, 256, 256]           1,792
              ReLU-2         [-1, 64, 256, 256]               0
         MaxPool2d-3         [-1, 64, 127, 127]               0
            Conv2d-4        [-1, 128, 127, 127]          73,856
              ReLU-5        [-1, 128, 127, 127]               0
         MaxPool2d-6          [-1, 128, 63, 63]               0
            Conv2d-7          [-1, 256, 63, 63]         295,168
              ReLU-8          [-1, 256, 63, 63]               0
         MaxPool2d-9          [-1, 256, 31, 31]               0
           Conv2d-10          [-1, 512, 31, 31]       1,180,160
             ReLU-11          [-1, 512, 31, 31]               0
        MaxPool2d-12          [-1, 512, 15, 15]               0
           Conv2d-13          [-1, 512, 15, 15]       2,359,808
             ReLU-14          [-1, 512, 15, 15]               0
        MaxPool2d-15            [-1, 512, 7, 7]               0
           Conv2d-16            [-1, 512, 7, 7]       2,359,808
             ReLU-17            [-1, 512, 7, 7]               0
        MaxPool2d-18            [-1, 512, 3, 3]               0
           Linear-19                  [-1, 208]         958,672
  ConvTranspose2d-20             [-1, 64, 6, 6]           7,552
             ReLU-21             [-1, 64, 6, 6]               0
  ConvTranspose2d-22          [-1, 512, 14, 14]         524,800
             ReLU-23          [-1, 512, 14, 14]               0
  ConvTranspose2d-24          [-1, 256, 30, 30]       2,097,408
             ReLU-25          [-1, 256, 30, 30]               0
  ConvTranspose2d-26          [-1, 128, 62, 62]         524,416
             ReLU-27          [-1, 128, 62, 62]               0
  ConvTranspose2d-28         [-1, 64, 127, 127]         204,864
             ReLU-29         [-1, 64, 127, 127]               0
  ConvTranspose2d-30          [-1, 3, 256, 256]           3,075
================================================================
Total params: 10,591,379
Trainable params: 10,591,379
Non-trainable params: 0
----------------------------------------------------------------
Input size (MB): 0.75
Forward/backward pass size (MB): 165.23
Params size (MB): 40.40
Estimated Total Size (MB): 206.38
----------------------------------------------------------------
Training Epoch :   0 | Total loss : 0.8059 
Validation Epoch :   0 | Total loss : 0.78224593| Model Time :53.47648859024048 | DataProcessing Time :178.71179485321045
Training Epoch :   1 | Total loss : 0.6803 
Validation Epoch :   1 | Total loss : 0.67019820| Model Time :43.92809581756592 | DataProcessing Time :176.6595332622528
Training Epoch :   2 | Total loss : 0.5449 
Validation Epoch :   2 | Total loss : 0.48762965| Model Time :42.1206533908844 | DataProcessing Time :184.0048246383667
Training Epoch :   3 | Total loss : 0.4204 
Validation Epoch :   3 | Total loss : 0.43168789| Model Time :42.72412848472595 | DataProcessing Time :188.44551992416382
Training Epoch :   4 | Total loss : 0.3944 
Validation Epoch :   4 | Total loss : 0.41523597| Model Time :42.6367723941803 | DataProcessing Time :182.29393672943115
Training Epoch :   5 | Total loss : 0.3823 
Validation Epoch :   5 | Total loss : 0.40706477| Model Time :42.958439350128174 | DataProcessing Time :189.6076159477234
Training Epoch :   6 | Total loss : 0.3773 
SVD converge fail SVD did not converge
Validation Epoch :   6 | Total loss : 0.40280589| Model Time :41.50401282310486 | DataProcessing Time :182.18710112571716
Training Epoch :   7 | Total loss : 0.3736 
Validation Epoch :   7 | Total loss : 0.40071490| Model Time :42.24071478843689 | DataProcessing Time :179.87590265274048
Training Epoch :   8 | Total loss : 0.3726 
Validation Epoch :   8 | Total loss : 0.40029642| Model Time :42.43616557121277 | DataProcessing Time :187.29529643058777
Training Epoch :   9 | Total loss : 0.3709 
SVD converge fail SVD did not converge
Validation Epoch :   9 | Total loss : 0.39864686| Model Time :43.73961520195007 | DataProcessing Time :179.040860414505
Training Epoch :  10 | Total loss : 0.3709 
Validation Epoch :  10 | Total loss : 0.39777985| Model Time :42.971235513687134 | DataProcessing Time :185.50423216819763
Training Epoch :  11 | Total loss : 0.3703 
SVD converge fail SVD did not converge
Validation Epoch :  11 | Total loss : 0.39723188| Model Time :41.67870092391968 | DataProcessing Time :180.6676070690155
Training Epoch :  12 | Total loss : 0.3697 
Validation Epoch :  12 | Total loss : 0.39748466| Model Time :43.25398540496826 | DataProcessing Time :182.03345251083374
Training Epoch :  13 | Total loss : 0.3691 
SVD converge fail SVD did not converge
Validation Epoch :  13 | Total loss : 0.39689514| Model Time :42.019808530807495 | DataProcessing Time :182.80883884429932
Training Epoch :  14 | Total loss : 0.3689 
Validation Epoch :  14 | Total loss : 0.39665070| Model Time :41.88469481468201 | DataProcessing Time :187.84157729148865
Training Epoch :  15 | Total loss : 0.3685 
Validation Epoch :  15 | Total loss : 0.40069234| Model Time :48.60512089729309 | DataProcessing Time :179.96160078048706
Training Epoch :  16 | Total loss : 0.3698 
SVD converge fail SVD did not converge
SVD converge fail SVD did not converge
Validation Epoch :  16 | Total loss : 0.39639160| Model Time :42.2502818107605 | DataProcessing Time :184.16489505767822
Training Epoch :  17 | Total loss : 0.3680 
Validation Epoch :  17 | Total loss : 0.39625871| Model Time :41.8505163192749 | DataProcessing Time :184.2139060497284
Training Epoch :  18 | Total loss : 0.3680 
Validation Epoch :  18 | Total loss : 0.39590314| Model Time :42.095072984695435 | DataProcessing Time :184.67788076400757
Training Epoch :  19 | Total loss : 0.3679 
SVD converge fail SVD did not converge
Validation Epoch :  19 | Total loss : 0.39542347| Model Time :43.613529920578 | DataProcessing Time :184.3089952468872
Training Epoch :  20 | Total loss : 0.3682 
SVD converge fail SVD did not converge
Validation Epoch :  20 | Total loss : 0.39552745| Model Time :43.73174500465393 | DataProcessing Time :181.56724047660828
Training Epoch :  21 | Total loss : 0.3674 
Validation Epoch :  21 | Total loss : 0.39518172| Model Time :43.34250068664551 | DataProcessing Time :184.22254633903503
Training Epoch :  22 | Total loss : 0.3668 
Validation Epoch :  22 | Total loss : 0.39505121| Model Time :42.14194059371948 | DataProcessing Time :184.38445806503296
Training Epoch :  23 | Total loss : 0.3672 
SVD converge fail SVD did not converge
Validation Epoch :  23 | Total loss : 0.39598903| Model Time :43.50532341003418 | DataProcessing Time :192.4013385772705
Training Epoch :  24 | Total loss : 0.3684 
Validation Epoch :  24 | Total loss : 0.39454314| Model Time :45.648101806640625 | DataProcessing Time :181.93939304351807
Training Epoch :  25 | Total loss : 0.3671 
SVD converge fail SVD did not converge
Validation Epoch :  25 | Total loss : 0.39365157| Model Time :42.38497185707092 | DataProcessing Time :184.42803263664246
Training Epoch :  26 | Total loss : 0.3657 
Validation Epoch :  26 | Total loss : 0.39219630| Model Time :42.29338765144348 | DataProcessing Time :183.16494941711426
Training Epoch :  27 | Total loss : 0.3671 
SVD converge fail SVD did not converge
Validation Epoch :  27 | Total loss : 0.39480993| Model Time :44.88661074638367 | DataProcessing Time :178.08643341064453
Training Epoch :  28 | Total loss : 0.3666 
Validation Epoch :  28 | Total loss : 0.39276347| Model Time :44.41152477264404 | DataProcessing Time :187.31185388565063
Training Epoch :  29 | Total loss : 0.3646 
Validation Epoch :  29 | Total loss : 0.39199623| Model Time :42.87028908729553 | DataProcessing Time :171.79179215431213
Training Epoch :  30 | Total loss : 0.3625 
Validation Epoch :  30 | Total loss : 0.38799688| Model Time :43.37446880340576 | DataProcessing Time :191.75298857688904
Training Epoch :  31 | Total loss : 0.3662 
Validation Epoch :  31 | Total loss : 0.39161417| Model Time :42.51143288612366 | DataProcessing Time :182.3491551876068
Training Epoch :  32 | Total loss : 0.3605 
Validation Epoch :  32 | Total loss : 0.38666990| Model Time :43.93968462944031 | DataProcessing Time :192.21891331672668
Training Epoch :  33 | Total loss : 0.3587 
Validation Epoch :  33 | Total loss : 0.38471884| Model Time :43.68020939826965 | DataProcessing Time :182.36460709571838
Training Epoch :  34 | Total loss : 0.3567 
SVD converge fail SVD did not converge
Validation Epoch :  34 | Total loss : 0.38363221| Model Time :43.56345057487488 | DataProcessing Time :177.1388337612152
Training Epoch :  35 | Total loss : 0.3561 
SVD converge fail SVD did not converge
SVD converge fail SVD did not converge
Validation Epoch :  35 | Total loss : 0.38345414| Model Time :45.038803577423096 | DataProcessing Time :179.14892578125
Training Epoch :  36 | Total loss : 0.3557 
Validation Epoch :  36 | Total loss : 0.38281879| Model Time :42.414899587631226 | DataProcessing Time :186.74507188796997
Training Epoch :  37 | Total loss : 0.3549 
Validation Epoch :  37 | Total loss : 0.38221911| Model Time :42.363754987716675 | DataProcessing Time :184.7096767425537
Training Epoch :  38 | Total loss : 0.3551 
Validation Epoch :  38 | Total loss : 0.38182941| Model Time :41.4411346912384 | DataProcessing Time :180.23628783226013
Training Epoch :  39 | Total loss : 0.3548 
Validation Epoch :  39 | Total loss : 0.38194105| Model Time :41.95648717880249 | DataProcessing Time :184.53438663482666
Training Epoch :  40 | Total loss : 0.3543 
SVD converge fail SVD did not converge
Validation Epoch :  40 | Total loss : 0.38284522| Model Time :43.39823079109192 | DataProcessing Time :183.8780963420868
Training Epoch :  41 | Total loss : 0.3545 
SVD converge fail SVD did not converge
Validation Epoch :  41 | Total loss : 0.38314429| Model Time :45.03404903411865 | DataProcessing Time :191.90971398353577
Training Epoch :  42 | Total loss : 0.3545 
Validation Epoch :  42 | Total loss : 0.38176000| Model Time :44.35617113113403 | DataProcessing Time :187.99429297447205
Training Epoch :  43 | Total loss : 0.3546 
SVD converge fail SVD did not converge
Validation Epoch :  43 | Total loss : 0.38085082| Model Time :42.36340618133545 | DataProcessing Time :182.34600925445557
Training Epoch :  44 | Total loss : 0.3541 
Validation Epoch :  44 | Total loss : 0.38111013| Model Time :43.625484466552734 | DataProcessing Time :183.12352180480957
Training Epoch :  45 | Total loss : 0.3536 
Validation Epoch :  45 | Total loss : 0.38040695| Model Time :45.04588532447815 | DataProcessing Time :196.152526140213
Training Epoch :  46 | Total loss : 0.3531 
SVD converge fail SVD did not converge
Validation Epoch :  46 | Total loss : 0.38006839| Model Time :43.34433031082153 | DataProcessing Time :192.76083660125732
Training Epoch :  47 | Total loss : 0.3541 
Validation Epoch :  47 | Total loss : 0.38058051| Model Time :43.42961573600769 | DataProcessing Time :190.9556119441986
Training Epoch :  48 | Total loss : 0.3523 
Validation Epoch :  48 | Total loss : 0.37961170| Model Time :42.975462436676025 | DataProcessing Time :189.81637001037598
Training Epoch :  49 | Total loss : 0.3525 
Validation Epoch :  49 | Total loss : 0.37977129| Model Time :43.458789110183716 | DataProcessing Time :188.93992066383362
Training Epoch :  50 | Total loss : 0.3521 
Validation Epoch :  50 | Total loss : 0.37945622| Model Time :43.00259232521057 | DataProcessing Time :180.3683624267578
Training Epoch :  51 | Total loss : 0.3513 
Validation Epoch :  51 | Total loss : 0.37862316| Model Time :42.85447907447815 | DataProcessing Time :189.50454831123352
Training Epoch :  52 | Total loss : 0.3507 
SVD converge fail SVD did not converge
Validation Epoch :  52 | Total loss : 0.37821251| Model Time :42.884318351745605 | DataProcessing Time :189.45223236083984
Training Epoch :  53 | Total loss : 0.3504 
SVD converge fail SVD did not converge
Validation Epoch :  53 | Total loss : 0.37760749| Model Time :42.8835346698761 | DataProcessing Time :184.2769889831543
Training Epoch :  54 | Total loss : 0.3506 
Validation Epoch :  54 | Total loss : 0.37826842| Model Time :43.476447105407715 | DataProcessing Time :191.49847960472107
Training Epoch :  55 | Total loss : 0.3502 
Validation Epoch :  55 | Total loss : 0.37875831| Model Time :44.18197584152222 | DataProcessing Time :189.3116421699524
Training Epoch :  56 | Total loss : 0.3497 
Validation Epoch :  56 | Total loss : 0.37669060| Model Time :43.45392966270447 | DataProcessing Time :187.84621787071228
Training Epoch :  57 | Total loss : 0.3493 
Validation Epoch :  57 | Total loss : 0.37659672| Model Time :45.17992091178894 | DataProcessing Time :183.35578441619873
Training Epoch :  58 | Total loss : 0.3491 
SVD converge fail SVD did not converge
Validation Epoch :  58 | Total loss : 0.37779763| Model Time :43.9010694026947 | DataProcessing Time :182.54218745231628
Training Epoch :  59 | Total loss : 0.3499 
Validation Epoch :  59 | Total loss : 0.37648794| Model Time :44.985069036483765 | DataProcessing Time :188.0690414905548
Training Epoch :  60 | Total loss : 0.3497 
Validation Epoch :  60 | Total loss : 0.37648910| Model Time :43.9359335899353 | DataProcessing Time :192.14476656913757
Training Epoch :  61 | Total loss : 0.3493 
Validation Epoch :  61 | Total loss : 0.37629822| Model Time :43.83798432350159 | DataProcessing Time :182.41321754455566
Training Epoch :  62 | Total loss : 0.3486 
Validation Epoch :  62 | Total loss : 0.37562516| Model Time :44.18717336654663 | DataProcessing Time :186.14302468299866
Training Epoch :  63 | Total loss : 0.3484 
SVD converge fail SVD did not converge
Validation Epoch :  63 | Total loss : 0.37542003| Model Time :43.94193410873413 | DataProcessing Time :185.81409788131714
Training Epoch :  64 | Total loss : 0.3481 
Validation Epoch :  64 | Total loss : 0.37590849| Model Time :44.74955701828003 | DataProcessing Time :181.93310570716858
Training Epoch :  65 | Total loss : 0.3478 
Validation Epoch :  65 | Total loss : 0.37555113| Model Time :44.52625870704651 | DataProcessing Time :189.30745458602905
Training Epoch :  66 | Total loss : 0.3477 
Validation Epoch :  66 | Total loss : 0.37556225| Model Time :45.00587034225464 | DataProcessing Time :185.87700057029724
Training Epoch :  67 | Total loss : 0.3478 
Validation Epoch :  67 | Total loss : 0.37540469| Model Time :47.06420660018921 | DataProcessing Time :189.43325281143188
Training Epoch :  68 | Total loss : 0.3479 
Validation Epoch :  68 | Total loss : 0.37495568| Model Time :45.18257403373718 | DataProcessing Time :179.46182560920715
Training Epoch :  69 | Total loss : 0.3471 
Validation Epoch :  69 | Total loss : 0.37554708| Model Time :45.787646532058716 | DataProcessing Time :192.2697741985321
Training Epoch :  70 | Total loss : 0.3478 
Validation Epoch :  70 | Total loss : 0.37673792| Model Time :45.72737455368042 | DataProcessing Time :190.56478691101074
Training Epoch :  71 | Total loss : 0.3476 
Validation Epoch :  71 | Total loss : 0.37472454| Model Time :45.34878492355347 | DataProcessing Time :187.19436979293823
Training Epoch :  72 | Total loss : 0.3471 
Validation Epoch :  72 | Total loss : 0.37502635| Model Time :48.113773822784424 | DataProcessing Time :193.71069145202637
Training Epoch :  73 | Total loss : 0.3470 
SVD converge fail SVD did not converge
Validation Epoch :  73 | Total loss : 0.37536424| Model Time :46.643595457077026 | DataProcessing Time :188.18392324447632
Training Epoch :  74 | Total loss : 0.3471 
Validation Epoch :  74 | Total loss : 0.37507913| Model Time :47.27103662490845 | DataProcessing Time :193.04855298995972
Training Epoch :  75 | Total loss : 0.3468 
Validation Epoch :  75 | Total loss : 0.37421066| Model Time :47.73642182350159 | DataProcessing Time :188.1647810935974
Training Epoch :  76 | Total loss : 0.3471 
Validation Epoch :  76 | Total loss : 0.37430418| Model Time :44.85402154922485 | DataProcessing Time :191.03803610801697
Training Epoch :  77 | Total loss : 0.3463 
Validation Epoch :  77 | Total loss : 0.37352291| Model Time :43.169957637786865 | DataProcessing Time :184.35992550849915
Training Epoch :  78 | Total loss : 0.3459 
SVD converge fail SVD did not converge
Validation Epoch :  78 | Total loss : 0.37347773| Model Time :42.31327033042908 | DataProcessing Time :189.6354591846466
Training Epoch :  79 | Total loss : 0.3464 
SVD converge fail SVD did not converge
Validation Epoch :  79 | Total loss : 0.37351480| Model Time :41.373077630996704 | DataProcessing Time :191.13337635993958
Training Epoch :  80 | Total loss : 0.3460 
Validation Epoch :  80 | Total loss : 0.37403524| Model Time :42.41927647590637 | DataProcessing Time :180.98438048362732
Training Epoch :  81 | Total loss : 0.3462 
Validation Epoch :  81 | Total loss : 0.37356740| Model Time :42.11812424659729 | DataProcessing Time :186.49631094932556
Training Epoch :  82 | Total loss : 0.3458 
Validation Epoch :  82 | Total loss : 0.37429002| Model Time :41.411540508270264 | DataProcessing Time :186.56811118125916
Training Epoch :  83 | Total loss : 0.3466 
Validation Epoch :  83 | Total loss : 0.37378708| Model Time :42.355868101119995 | DataProcessing Time :189.23873686790466
Training Epoch :  84 | Total loss : 0.3459 
Validation Epoch :  84 | Total loss : 0.37339938| Model Time :41.854795694351196 | DataProcessing Time :189.12783241271973
Training Epoch :  85 | Total loss : 0.3458 
Validation Epoch :  85 | Total loss : 0.37327254| Model Time :40.71230483055115 | DataProcessing Time :187.52733278274536
Training Epoch :  86 | Total loss : 0.3455 
Validation Epoch :  86 | Total loss : 0.37315902| Model Time :40.39209485054016 | DataProcessing Time :176.44127202033997
Training Epoch :  87 | Total loss : 0.3455 
Validation Epoch :  87 | Total loss : 0.37338564| Model Time :43.006144762039185 | DataProcessing Time :187.35671472549438
Training Epoch :  88 | Total loss : 0.3455 
Validation Epoch :  88 | Total loss : 0.37320334| Model Time :41.95924353599548 | DataProcessing Time :181.94698643684387
Training Epoch :  89 | Total loss : 0.3454 
Validation Epoch :  89 | Total loss : 0.37280279| Model Time :41.44903373718262 | DataProcessing Time :181.39946389198303
Training Epoch :  90 | Total loss : 0.3452 
Validation Epoch :  90 | Total loss : 0.37308258| Model Time :42.491626262664795 | DataProcessing Time :183.5284779071808
Training Epoch :  91 | Total loss : 0.3453 
Validation Epoch :  91 | Total loss : 0.37250608| Model Time :41.38028430938721 | DataProcessing Time :187.73064708709717
Training Epoch :  92 | Total loss : 0.3449 
Validation Epoch :  92 | Total loss : 0.37345082| Model Time :40.77977657318115 | DataProcessing Time :190.26990485191345
Training Epoch :  93 | Total loss : 0.3449 
Validation Epoch :  93 | Total loss : 0.37282294| Model Time :44.15842962265015 | DataProcessing Time :189.15139484405518
Training Epoch :  94 | Total loss : 0.3451 
Validation Epoch :  94 | Total loss : 0.37271616| Model Time :43.29623770713806 | DataProcessing Time :182.97229385375977
Training Epoch :  95 | Total loss : 0.3453 
Validation Epoch :  95 | Total loss : 0.37257889| Model Time :43.47160291671753 | DataProcessing Time :181.52155232429504
Training Epoch :  96 | Total loss : 0.3450 
Validation Epoch :  96 | Total loss : 0.37273782| Model Time :43.60168790817261 | DataProcessing Time :180.02950358390808
Training Epoch :  97 | Total loss : 0.3444 
Validation Epoch :  97 | Total loss : 0.37208498| Model Time :42.10426425933838 | DataProcessing Time :176.594313621521
Training Epoch :  98 | Total loss : 0.3449 
Validation Epoch :  98 | Total loss : 0.37295014| Model Time :44.51080918312073 | DataProcessing Time :185.9270474910736
Training Epoch :  99 | Total loss : 0.3445 
Validation Epoch :  99 | Total loss : 0.37199548| Model Time :42.455838680267334 | DataProcessing Time :181.17761731147766
Training Epoch : 100 | Total loss : 0.3440 
Validation Epoch : 100 | Total loss : 0.37212104| Model Time :45.28557538986206 | DataProcessing Time :187.74604105949402
Training Epoch : 101 | Total loss : 0.3444 
Validation Epoch : 101 | Total loss : 0.37228003| Model Time :44.05367970466614 | DataProcessing Time :191.244313955307
Training Epoch : 102 | Total loss : 0.3440 
Validation Epoch : 102 | Total loss : 0.37301856| Model Time :44.32512021064758 | DataProcessing Time :188.13656640052795
Training Epoch : 103 | Total loss : 0.3444 
Validation Epoch : 103 | Total loss : 0.37238157| Model Time :43.76608848571777 | DataProcessing Time :185.47477626800537
Training Epoch : 104 | Total loss : 0.3442 
SVD converge fail SVD did not converge
Validation Epoch : 104 | Total loss : 0.37151083| Model Time :43.650978803634644 | DataProcessing Time :185.13885951042175
Training Epoch : 105 | Total loss : 0.3447 
Validation Epoch : 105 | Total loss : 0.37217456| Model Time :42.50493764877319 | DataProcessing Time :188.4604468345642
Training Epoch : 106 | Total loss : 0.3442 
Validation Epoch : 106 | Total loss : 0.37183464| Model Time :42.162511587142944 | DataProcessing Time :188.01499915122986
Training Epoch : 107 | Total loss : 0.3436 
Validation Epoch : 107 | Total loss : 0.37116513| Model Time :42.35257005691528 | DataProcessing Time :183.52841877937317
Training Epoch : 108 | Total loss : 0.3433 
Validation Epoch : 108 | Total loss : 0.37083802| Model Time :41.766318559646606 | DataProcessing Time :191.7417221069336
Training Epoch : 109 | Total loss : 0.3427 
Validation Epoch : 109 | Total loss : 0.37070468| Model Time :40.42241096496582 | DataProcessing Time :189.95373940467834
Training Epoch : 110 | Total loss : 0.3431 
Validation Epoch : 110 | Total loss : 0.37113848| Model Time :40.4016969203949 | DataProcessing Time :181.68104243278503
Training Epoch : 111 | Total loss : 0.3429 
Validation Epoch : 111 | Total loss : 0.37234750| Model Time :43.24151086807251 | DataProcessing Time :189.88426661491394
Training Epoch : 112 | Total loss : 0.3436 
Validation Epoch : 112 | Total loss : 0.37102345| Model Time :40.71401596069336 | DataProcessing Time :187.92277908325195
Training Epoch : 113 | Total loss : 0.3429 
Validation Epoch : 113 | Total loss : 0.37060878| Model Time :41.646607875823975 | DataProcessing Time :193.3215353488922
Training Epoch : 114 | Total loss : 0.3426 
Validation Epoch : 114 | Total loss : 0.37071934| Model Time :43.252890825271606 | DataProcessing Time :181.64127397537231
Training Epoch : 115 | Total loss : 0.3422 
Validation Epoch : 115 | Total loss : 0.37082523| Model Time :43.40111017227173 | DataProcessing Time :186.17955136299133
Training Epoch : 116 | Total loss : 0.3426 
Validation Epoch : 116 | Total loss : 0.37102419| Model Time :41.085206270217896 | DataProcessing Time :193.62309455871582
Training Epoch : 117 | Total loss : 0.3429 
Validation Epoch : 117 | Total loss : 0.37076202| Model Time :41.54098415374756 | DataProcessing Time :189.17095804214478
Training Epoch : 118 | Total loss : 0.3427 
Validation Epoch : 118 | Total loss : 0.37062040| Model Time :41.207308530807495 | DataProcessing Time :192.98633790016174
Training Epoch : 119 | Total loss : 0.3427 
Validation Epoch : 119 | Total loss : 0.37049443| Model Time :46.04614448547363 | DataProcessing Time :178.8076205253601
Training Epoch : 120 | Total loss : 0.3427 
Validation Epoch : 120 | Total loss : 0.37015855| Model Time :42.99429416656494 | DataProcessing Time :190.1816861629486
Training Epoch : 121 | Total loss : 0.3420 
Validation Epoch : 121 | Total loss : 0.37048736| Model Time :42.48871374130249 | DataProcessing Time :180.3076069355011
Training Epoch : 122 | Total loss : 0.3429 
Validation Epoch : 122 | Total loss : 0.36987859| Model Time :42.06366539001465 | DataProcessing Time :180.83322596549988
Training Epoch : 123 | Total loss : 0.3422 
SVD converge fail SVD did not converge
Validation Epoch : 123 | Total loss : 0.37033775| Model Time :40.82129216194153 | DataProcessing Time :179.22135424613953
Training Epoch : 124 | Total loss : 0.3418 
Validation Epoch : 124 | Total loss : 0.37020344| Model Time :41.19496703147888 | DataProcessing Time :188.81843066215515
Training Epoch : 125 | Total loss : 0.3416 
Validation Epoch : 125 | Total loss : 0.37111184| Model Time :41.447837591171265 | DataProcessing Time :180.81574058532715
Training Epoch : 126 | Total loss : 0.3424 
Validation Epoch : 126 | Total loss : 0.37049037| Model Time :42.03407406806946 | DataProcessing Time :183.0639615058899
Training Epoch : 127 | Total loss : 0.3420 
Validation Epoch : 127 | Total loss : 0.37112868| Model Time :41.29236459732056 | DataProcessing Time :185.19238901138306
Training Epoch : 128 | Total loss : 0.3419 
Validation Epoch : 128 | Total loss : 0.37020364| Model Time :41.71504092216492 | DataProcessing Time :186.75175285339355
Training Epoch : 129 | Total loss : 0.3417 
Validation Epoch : 129 | Total loss : 0.37004346| Model Time :41.090500593185425 | DataProcessing Time :186.71264481544495
Training Epoch : 130 | Total loss : 0.3415 
Validation Epoch : 130 | Total loss : 0.36973149| Model Time :42.80648636817932 | DataProcessing Time :194.44120454788208
Training Epoch : 131 | Total loss : 0.3419 
SVD converge fail SVD did not converge
Validation Epoch : 131 | Total loss : 0.37010071| Model Time :43.277255058288574 | DataProcessing Time :183.74228644371033
Training Epoch : 132 | Total loss : 0.3417 
Validation Epoch : 132 | Total loss : 0.36935741| Model Time :43.18367528915405 | DataProcessing Time :169.36260652542114
Training Epoch : 133 | Total loss : 0.3411 
Validation Epoch : 133 | Total loss : 0.36940148| Model Time :44.131181478500366 | DataProcessing Time :173.41149163246155
Training Epoch : 134 | Total loss : 0.3411 
Validation Epoch : 134 | Total loss : 0.37004820| Model Time :45.76679611206055 | DataProcessing Time :172.2948362827301
Training Epoch : 135 | Total loss : 0.3413 
Validation Epoch : 135 | Total loss : 0.36971295| Model Time :42.03204393386841 | DataProcessing Time :173.8459072113037
Training Epoch : 136 | Total loss : 0.3410 
Validation Epoch : 136 | Total loss : 0.36962929| Model Time :44.5408821105957 | DataProcessing Time :186.03801345825195
Training Epoch : 137 | Total loss : 0.3406 
Validation Epoch : 137 | Total loss : 0.36982185| Model Time :45.89076542854309 | DataProcessing Time :175.47237873077393
Training Epoch : 138 | Total loss : 0.3410 
Validation Epoch : 138 | Total loss : 0.36980888| Model Time :46.045719146728516 | DataProcessing Time :177.8964719772339
Training Epoch : 139 | Total loss : 0.3410 
Validation Epoch : 139 | Total loss : 0.36959216| Model Time :45.22593641281128 | DataProcessing Time :188.12046360969543
Training Epoch : 140 | Total loss : 0.3411 
Validation Epoch : 140 | Total loss : 0.36967102| Model Time :44.92287731170654 | DataProcessing Time :180.2497627735138
Training Epoch : 141 | Total loss : 0.3410 
Validation Epoch : 141 | Total loss : 0.37048638| Model Time :44.0271053314209 | DataProcessing Time :183.03115963935852
Training Epoch : 142 | Total loss : 0.3406 
Validation Epoch : 142 | Total loss : 0.37007222| Model Time :44.95640802383423 | DataProcessing Time :174.76229691505432
Training Epoch : 143 | Total loss : 0.3408 
Validation Epoch : 143 | Total loss : 0.37052831| Model Time :44.07696866989136 | DataProcessing Time :178.30160069465637
Training Epoch : 144 | Total loss : 0.3412 
Validation Epoch : 144 | Total loss : 0.36987695| Model Time :45.20093274116516 | DataProcessing Time :175.6672899723053
Training Epoch : 145 | Total loss : 0.3403 
Validation Epoch : 145 | Total loss : 0.36999950| Model Time :47.20397686958313 | DataProcessing Time :181.14922499656677
Training Epoch : 146 | Total loss : 0.3402 
Validation Epoch : 146 | Total loss : 0.36939222| Model Time :48.95052242279053 | DataProcessing Time :176.43844985961914
Training Epoch : 147 | Total loss : 0.3401 
Validation Epoch : 147 | Total loss : 0.36946779| Model Time :48.63148522377014 | DataProcessing Time :178.09237241744995
Training Epoch : 148 | Total loss : 0.3407 
Validation Epoch : 148 | Total loss : 0.36930838| Model Time :49.21029591560364 | DataProcessing Time :176.4587516784668
Training Epoch : 149 | Total loss : 0.3403 
Validation Epoch : 149 | Total loss : 0.36904052| Model Time :43.534228801727295 | DataProcessing Time :173.1452705860138
Training Epoch : 150 | Total loss : 0.3400 
Validation Epoch : 150 | Total loss : 0.36924139| Model Time :42.538217544555664 | DataProcessing Time :178.3520381450653
Training Epoch : 151 | Total loss : 0.3404 
Validation Epoch : 151 | Total loss : 0.36999026| Model Time :47.718793869018555 | DataProcessing Time :177.2818522453308
Training Epoch : 152 | Total loss : 0.3403 
Validation Epoch : 152 | Total loss : 0.36938182| Model Time :42.35802912712097 | DataProcessing Time :182.34972095489502
Training Epoch : 153 | Total loss : 0.3401 
Validation Epoch : 153 | Total loss : 0.36956748| Model Time :46.349326848983765 | DataProcessing Time :178.44826698303223
Training Epoch : 154 | Total loss : 0.3405 
Validation Epoch : 154 | Total loss : 0.36958942| Model Time :47.23491430282593 | DataProcessing Time :173.26122212409973
Training Epoch : 155 | Total loss : 0.3404 
Validation Epoch : 155 | Total loss : 0.36978254| Model Time :42.89563179016113 | DataProcessing Time :181.82835459709167
Training Epoch : 156 | Total loss : 0.3399 
Validation Epoch : 156 | Total loss : 0.37048882| Model Time :45.018407344818115 | DataProcessing Time :179.07616543769836
Training Epoch : 157 | Total loss : 0.3405 
Validation Epoch : 157 | Total loss : 0.36950281| Model Time :43.971129179000854 | DataProcessing Time :179.76226019859314
Training Epoch : 158 | Total loss : 0.3402 
Validation Epoch : 158 | Total loss : 0.36954010| Model Time :44.41545248031616 | DataProcessing Time :190.09762001037598
Training Epoch : 159 | Total loss : 0.3398 
Validation Epoch : 159 | Total loss : 0.36955377| Model Time :42.75646495819092 | DataProcessing Time :182.04356622695923
Training Epoch : 160 | Total loss : 0.3397 
SVD converge fail SVD did not converge
Validation Epoch : 160 | Total loss : 0.36940989| Model Time :43.46916389465332 | DataProcessing Time :170.13490343093872
Training Epoch : 161 | Total loss : 0.3398 
Validation Epoch : 161 | Total loss : 0.36897710| Model Time :41.38737988471985 | DataProcessing Time :173.9981245994568
Training Epoch : 162 | Total loss : 0.3393 
Validation Epoch : 162 | Total loss : 0.36921796| Model Time :43.71754860877991 | DataProcessing Time :171.54740262031555
Training Epoch : 163 | Total loss : 0.3398 
Validation Epoch : 163 | Total loss : 0.37076533| Model Time :41.58687686920166 | DataProcessing Time :189.90041375160217
Training Epoch : 164 | Total loss : 0.3400 
Validation Epoch : 164 | Total loss : 0.36919621| Model Time :44.72448182106018 | DataProcessing Time :179.83665871620178
Training Epoch : 165 | Total loss : 0.3394 
Validation Epoch : 165 | Total loss : 0.36898181| Model Time :43.2264358997345 | DataProcessing Time :168.93288326263428
Training Epoch : 166 | Total loss : 0.3395 
Validation Epoch : 166 | Total loss : 0.36945072| Model Time :42.86069583892822 | DataProcessing Time :173.20738673210144
Training Epoch : 167 | Total loss : 0.3391 
SVD converge fail SVD did not converge
Validation Epoch : 167 | Total loss : 0.36928520| Model Time :44.49817109107971 | DataProcessing Time :172.2243411540985
Training Epoch : 168 | Total loss : 0.3392 
SVD converge fail SVD did not converge
Validation Epoch : 168 | Total loss : 0.36921361| Model Time :42.00043439865112 | DataProcessing Time :173.11071729660034
Training Epoch : 169 | Total loss : 0.3391 
Validation Epoch : 169 | Total loss : 0.36911744| Model Time :44.65088629722595 | DataProcessing Time :180.19406270980835
Training Epoch : 170 | Total loss : 0.3395 
Validation Epoch : 170 | Total loss : 0.36904266| Model Time :42.52273941040039 | DataProcessing Time :175.5271406173706
Training Epoch : 171 | Total loss : 0.3391 
Validation Epoch : 171 | Total loss : 0.36919650| Model Time :44.19742751121521 | DataProcessing Time :180.66027164459229
Training Epoch : 172 | Total loss : 0.3393 
SVD converge fail SVD did not converge
Validation Epoch : 172 | Total loss : 0.36905017| Model Time :44.047133684158325 | DataProcessing Time :185.17212510108948
Training Epoch : 173 | Total loss : 0.3389 
Validation Epoch : 173 | Total loss : 0.36925891| Model Time :44.01208019256592 | DataProcessing Time :179.17580723762512
Training Epoch : 174 | Total loss : 0.3386 
Validation Epoch : 174 | Total loss : 0.36909303| Model Time :42.84282159805298 | DataProcessing Time :172.84776544570923
Training Epoch : 175 | Total loss : 0.3393 
Validation Epoch : 175 | Total loss : 0.36902922| Model Time :43.80539131164551 | DataProcessing Time :187.63653659820557
Training Epoch : 176 | Total loss : 0.3388 
Validation Epoch : 176 | Total loss : 0.36922106| Model Time :43.95531725883484 | DataProcessing Time :173.42919087409973
Training Epoch : 177 | Total loss : 0.3389 
Validation Epoch : 177 | Total loss : 0.37065271| Model Time :43.146450996398926 | DataProcessing Time :172.3534553050995
Training Epoch : 178 | Total loss : 0.3396 
Validation Epoch : 178 | Total loss : 0.36977986| Model Time :42.279135942459106 | DataProcessing Time :185.7324378490448
Training Epoch : 179 | Total loss : 0.3391 
Validation Epoch : 179 | Total loss : 0.36902812| Model Time :44.80908465385437 | DataProcessing Time :174.7671275138855
Training Epoch : 180 | Total loss : 0.3389 
Validation Epoch : 180 | Total loss : 0.36934680| Model Time :43.70384120941162 | DataProcessing Time :171.46790838241577
Training Epoch : 181 | Total loss : 0.3395 
Validation Epoch : 181 | Total loss : 0.36915883| Model Time :44.56876468658447 | DataProcessing Time :177.83685398101807
Training Epoch : 182 | Total loss : 0.3391 
Validation Epoch : 182 | Total loss : 0.36956686| Model Time :41.761539459228516 | DataProcessing Time :178.89777421951294
Training Epoch : 183 | Total loss : 0.3385 
Validation Epoch : 183 | Total loss : 0.36884031| Model Time :43.33909487724304 | DataProcessing Time :186.77453231811523
Training Epoch : 184 | Total loss : 0.3387 
Validation Epoch : 184 | Total loss : 0.36907014| Model Time :41.82945466041565 | DataProcessing Time :183.15944170951843
Training Epoch : 185 | Total loss : 0.3387 
Validation Epoch : 185 | Total loss : 0.37049285| Model Time :41.72062849998474 | DataProcessing Time :179.1220829486847
Training Epoch : 186 | Total loss : 0.3390 
Validation Epoch : 186 | Total loss : 0.36948532| Model Time :42.42409563064575 | DataProcessing Time :185.58430194854736
Training Epoch : 187 | Total loss : 0.3390 
Validation Epoch : 187 | Total loss : 0.36913231| Model Time :42.501392126083374 | DataProcessing Time :180.8156657218933
Training Epoch : 188 | Total loss : 0.3380 
Validation Epoch : 188 | Total loss : 0.36936232| Model Time :43.343899726867676 | DataProcessing Time :183.8297474384308
Training Epoch : 189 | Total loss : 0.3387 
Validation Epoch : 189 | Total loss : 0.36955360| Model Time :42.707746744155884 | DataProcessing Time :183.47428512573242
Training Epoch : 190 | Total loss : 0.3382 
Validation Epoch : 190 | Total loss : 0.36960730| Model Time :43.428694009780884 | DataProcessing Time :190.80576920509338
Training Epoch : 191 | Total loss : 0.3382 
Validation Epoch : 191 | Total loss : 0.36918280| Model Time :43.06757664680481 | DataProcessing Time :185.71815466880798
Training Epoch : 192 | Total loss : 0.3380 
Validation Epoch : 192 | Total loss : 0.36930853| Model Time :42.487751960754395 | DataProcessing Time :189.12270092964172
Training Epoch : 193 | Total loss : 0.3377 
Validation Epoch : 193 | Total loss : 0.36962417| Model Time :43.22866177558899 | DataProcessing Time :190.9070131778717
Training Epoch : 194 | Total loss : 0.3381 
Validation Epoch : 194 | Total loss : 0.36966392| Model Time :43.84164786338806 | DataProcessing Time :190.74166250228882
Training Epoch : 195 | Total loss : 0.3380 
Validation Epoch : 195 | Total loss : 0.36965248| Model Time :41.128212213516235 | DataProcessing Time :180.25676369667053
Training Epoch : 196 | Total loss : 0.3379 
Validation Epoch : 196 | Total loss : 0.36920089| Model Time :41.87925601005554 | DataProcessing Time :185.83127784729004
Training Epoch : 197 | Total loss : 0.3377 
Validation Epoch : 197 | Total loss : 0.36939639| Model Time :43.50293016433716 | DataProcessing Time :189.32043290138245
Training Epoch : 198 | Total loss : 0.3376 
Validation Epoch : 198 | Total loss : 0.36943799| Model Time :42.65094995498657 | DataProcessing Time :184.09563732147217
Training Epoch : 199 | Total loss : 0.3375 
Validation Epoch : 199 | Total loss : 0.36894310| Model Time :42.89315724372864 | DataProcessing Time :184.22076392173767
Training Epoch : 200 | Total loss : 0.3378 
Validation Epoch : 200 | Total loss : 0.36949193| Model Time :42.11464834213257 | DataProcessing Time :194.04861617088318
Training Epoch : 201 | Total loss : 0.3376 
Validation Epoch : 201 | Total loss : 0.37054580| Model Time :42.37690472602844 | DataProcessing Time :182.89774799346924
Training Epoch : 202 | Total loss : 0.3379 
Validation Epoch : 202 | Total loss : 0.37003130| Model Time :43.627458572387695 | DataProcessing Time :182.47895407676697
Training Epoch : 203 | Total loss : 0.3378 
Validation Epoch : 203 | Total loss : 0.36932108| Model Time :42.409477949142456 | DataProcessing Time :185.02613472938538
Training Epoch : 204 | Total loss : 0.3375 
Validation Epoch : 204 | Total loss : 0.36951581| Model Time :41.366209983825684 | DataProcessing Time :187.34850907325745
Training Epoch : 205 | Total loss : 0.3374 
Validation Epoch : 205 | Total loss : 0.37033564| Model Time :40.0898232460022 | DataProcessing Time :177.60123872756958
Training Epoch : 206 | Total loss : 0.3381 
slurmstepd: error: *** JOB 30182480 ON falcon1 CANCELLED AT 2022-06-11T05:44:12 ***
