
CommandNotFoundError: Your shell has not been properly configured to use 'conda activate'.
To initialize your shell, run

    $ conda init <SHELL_NAME>

Currently supported shells are:
  - bash
  - fish
  - tcsh
  - xonsh
  - zsh
  - powershell

See 'conda init --help' for more information and options.

IMPORTANT: You may need to close and restart your shell after running 'conda init'.


SLURM_JOBID=/var/spool/slurm/slurmd/job30184393/slurm_script
Job Detail : AE ..AE.AE_208 50 Max R50-21 4 3
Training Size : 1734
Validation Size : 744
----------------------------------------------------------------
        Layer (type)               Output Shape         Param #
================================================================
            Conv2d-1         [-1, 64, 256, 256]           1,792
              ReLU-2         [-1, 64, 256, 256]               0
         MaxPool2d-3         [-1, 64, 127, 127]               0
            Conv2d-4        [-1, 128, 127, 127]          73,856
              ReLU-5        [-1, 128, 127, 127]               0
         MaxPool2d-6          [-1, 128, 63, 63]               0
            Conv2d-7          [-1, 256, 63, 63]         295,168
              ReLU-8          [-1, 256, 63, 63]               0
         MaxPool2d-9          [-1, 256, 31, 31]               0
           Conv2d-10          [-1, 512, 31, 31]       1,180,160
             ReLU-11          [-1, 512, 31, 31]               0
        MaxPool2d-12          [-1, 512, 15, 15]               0
           Conv2d-13          [-1, 512, 15, 15]       2,359,808
             ReLU-14          [-1, 512, 15, 15]               0
        MaxPool2d-15            [-1, 512, 7, 7]               0
           Conv2d-16            [-1, 512, 7, 7]       2,359,808
             ReLU-17            [-1, 512, 7, 7]               0
        MaxPool2d-18            [-1, 512, 3, 3]               0
           Linear-19                  [-1, 208]         958,672
  ConvTranspose2d-20             [-1, 64, 6, 6]           7,552
             ReLU-21             [-1, 64, 6, 6]               0
  ConvTranspose2d-22          [-1, 512, 14, 14]         524,800
             ReLU-23          [-1, 512, 14, 14]               0
  ConvTranspose2d-24          [-1, 256, 30, 30]       2,097,408
             ReLU-25          [-1, 256, 30, 30]               0
  ConvTranspose2d-26          [-1, 128, 62, 62]         524,416
             ReLU-27          [-1, 128, 62, 62]               0
  ConvTranspose2d-28         [-1, 64, 127, 127]         204,864
             ReLU-29         [-1, 64, 127, 127]               0
  ConvTranspose2d-30          [-1, 3, 256, 256]           3,075
================================================================
Total params: 10,591,379
Trainable params: 10,591,379
Non-trainable params: 0
----------------------------------------------------------------
Input size (MB): 0.75
Forward/backward pass size (MB): 165.23
Params size (MB): 40.40
Estimated Total Size (MB): 206.38
----------------------------------------------------------------
Training Epoch :   0 | Total loss : 0.5668 
Validation Epoch :   0 | Total loss : 0.44200763| Model Time :40.48656892776489 | DataProcessing Time :72.54873180389404
Training Epoch :   1 | Total loss : 0.3957 
Validation Epoch :   1 | Total loss : 0.39860120| Model Time :38.96038246154785 | DataProcessing Time :69.51942324638367
Training Epoch :   2 | Total loss : 0.3728 
Validation Epoch :   2 | Total loss : 0.37994280| Model Time :39.62839102745056 | DataProcessing Time :73.0644760131836
Training Epoch :   3 | Total loss : 0.3665 
Validation Epoch :   3 | Total loss : 0.38997617| Model Time :39.52211546897888 | DataProcessing Time :71.55832242965698
Training Epoch :   4 | Total loss : 0.3634 
Validation Epoch :   4 | Total loss : 0.37656319| Model Time :41.63794016838074 | DataProcessing Time :70.89577221870422
Training Epoch :   5 | Total loss : 0.3594 
SVD converge fail SVD did not converge
Validation Epoch :   5 | Total loss : 0.37177029| Model Time :39.182000398635864 | DataProcessing Time :71.1349446773529
Training Epoch :   6 | Total loss : 0.3578 
Validation Epoch :   6 | Total loss : 0.37092397| Model Time :39.16417336463928 | DataProcessing Time :69.79286026954651
Training Epoch :   7 | Total loss : 0.3573 
Validation Epoch :   7 | Total loss : 0.36973503| Model Time :41.01190495491028 | DataProcessing Time :71.3473699092865
Training Epoch :   8 | Total loss : 0.3549 
Validation Epoch :   8 | Total loss : 0.36719096| Model Time :40.726014375686646 | DataProcessing Time :72.27578902244568
Training Epoch :   9 | Total loss : 0.3523 
Validation Epoch :   9 | Total loss : 0.36452529| Model Time :39.34163522720337 | DataProcessing Time :72.58886766433716
Training Epoch :  10 | Total loss : 0.3492 
Validation Epoch :  10 | Total loss : 0.35983643| Model Time :38.63568353652954 | DataProcessing Time :73.03741955757141
Training Epoch :  11 | Total loss : 0.3465 
Validation Epoch :  11 | Total loss : 0.35828796| Model Time :39.851457595825195 | DataProcessing Time :72.0959222316742
Training Epoch :  12 | Total loss : 0.3453 
Validation Epoch :  12 | Total loss : 0.35817510| Model Time :39.45911383628845 | DataProcessing Time :73.46846508979797
Training Epoch :  13 | Total loss : 0.3449 
Validation Epoch :  13 | Total loss : 0.35877115| Model Time :39.12696647644043 | DataProcessing Time :72.99123668670654
Training Epoch :  14 | Total loss : 0.3438 
SVD converge fail SVD did not converge
Validation Epoch :  14 | Total loss : 0.35608843| Model Time :39.18569087982178 | DataProcessing Time :75.20779299736023
Training Epoch :  15 | Total loss : 0.3430 
Validation Epoch :  15 | Total loss : 0.35526901| Model Time :39.21661949157715 | DataProcessing Time :74.25851321220398
Training Epoch :  16 | Total loss : 0.3422 
Validation Epoch :  16 | Total loss : 0.35694757| Model Time :41.774641275405884 | DataProcessing Time :75.36924028396606
Training Epoch :  17 | Total loss : 0.3415 
Validation Epoch :  17 | Total loss : 0.35467082| Model Time :40.310142517089844 | DataProcessing Time :75.88327240943909
Training Epoch :  18 | Total loss : 0.3406 
SVD converge fail SVD did not converge
Validation Epoch :  18 | Total loss : 0.35360920| Model Time :39.92912673950195 | DataProcessing Time :74.20337414741516
Training Epoch :  19 | Total loss : 0.3398 
SVD converge fail SVD did not converge
Validation Epoch :  19 | Total loss : 0.35307413| Model Time :41.174367904663086 | DataProcessing Time :75.1682186126709
Training Epoch :  20 | Total loss : 0.3396 
Validation Epoch :  20 | Total loss : 0.35226122| Model Time :40.025354862213135 | DataProcessing Time :74.45018029212952
Training Epoch :  21 | Total loss : 0.3396 
SVD converge fail SVD did not converge
SVD converge fail SVD did not converge
Validation Epoch :  21 | Total loss : 0.35211894| Model Time :39.94263410568237 | DataProcessing Time :74.9041895866394
Training Epoch :  22 | Total loss : 0.3380 
Validation Epoch :  22 | Total loss : 0.35049069| Model Time :42.02323627471924 | DataProcessing Time :76.74039649963379
Training Epoch :  23 | Total loss : 0.3376 
Validation Epoch :  23 | Total loss : 0.35032022| Model Time :40.20999026298523 | DataProcessing Time :77.06312561035156
Training Epoch :  24 | Total loss : 0.3376 
Validation Epoch :  24 | Total loss : 0.34985888| Model Time :39.04561257362366 | DataProcessing Time :74.97140169143677
Training Epoch :  25 | Total loss : 0.3371 
Validation Epoch :  25 | Total loss : 0.34954342| Model Time :39.660715103149414 | DataProcessing Time :74.78066682815552
Training Epoch :  26 | Total loss : 0.3366 
Validation Epoch :  26 | Total loss : 0.34944642| Model Time :41.58824014663696 | DataProcessing Time :74.43908309936523
Training Epoch :  27 | Total loss : 0.3364 
Validation Epoch :  27 | Total loss : 0.34950906| Model Time :39.20295071601868 | DataProcessing Time :74.36031484603882
Training Epoch :  28 | Total loss : 0.3357 
Validation Epoch :  28 | Total loss : 0.34952912| Model Time :40.6989803314209 | DataProcessing Time :74.1927125453949
Training Epoch :  29 | Total loss : 0.3355 
Validation Epoch :  29 | Total loss : 0.34891266| Model Time :40.17312145233154 | DataProcessing Time :74.67580962181091
Training Epoch :  30 | Total loss : 0.3358 
Validation Epoch :  30 | Total loss : 0.34904942| Model Time :40.27202653884888 | DataProcessing Time :77.22737550735474
Training Epoch :  31 | Total loss : 0.3353 
Validation Epoch :  31 | Total loss : 0.34932959| Model Time :40.454728841781616 | DataProcessing Time :74.83222341537476
Training Epoch :  32 | Total loss : 0.3351 
Validation Epoch :  32 | Total loss : 0.34788549| Model Time :39.65498495101929 | DataProcessing Time :75.39305996894836
Training Epoch :  33 | Total loss : 0.3345 
Validation Epoch :  33 | Total loss : 0.34817368| Model Time :40.075186014175415 | DataProcessing Time :74.48707485198975
Training Epoch :  34 | Total loss : 0.3343 
Validation Epoch :  34 | Total loss : 0.34730932| Model Time :38.71159482002258 | DataProcessing Time :75.27864360809326
Training Epoch :  35 | Total loss : 0.3342 
Validation Epoch :  35 | Total loss : 0.34784311| Model Time :40.83941578865051 | DataProcessing Time :76.70779275894165
Training Epoch :  36 | Total loss : 0.3344 
Validation Epoch :  36 | Total loss : 0.34834459| Model Time :40.957375288009644 | DataProcessing Time :74.4150390625
Training Epoch :  37 | Total loss : 0.3339 
Validation Epoch :  37 | Total loss : 0.34712297| Model Time :39.91483283042908 | DataProcessing Time :76.08971405029297
Training Epoch :  38 | Total loss : 0.3337 
Validation Epoch :  38 | Total loss : 0.34753618| Model Time :39.227442026138306 | DataProcessing Time :74.86413383483887
Training Epoch :  39 | Total loss : 0.3336 
Validation Epoch :  39 | Total loss : 0.34671047| Model Time :40.09602642059326 | DataProcessing Time :75.93291068077087
Training Epoch :  40 | Total loss : 0.3334 
SVD converge fail SVD did not converge
Validation Epoch :  40 | Total loss : 0.34727004| Model Time :38.24320936203003 | DataProcessing Time :73.6606616973877
Training Epoch :  41 | Total loss : 0.3329 
SVD converge fail SVD did not converge
Validation Epoch :  41 | Total loss : 0.34646425| Model Time :39.63571500778198 | DataProcessing Time :75.55494594573975
Training Epoch :  42 | Total loss : 0.3326 
Validation Epoch :  42 | Total loss : 0.34636483| Model Time :39.83246183395386 | DataProcessing Time :75.80064511299133
Training Epoch :  43 | Total loss : 0.3329 
Validation Epoch :  43 | Total loss : 0.34662488| Model Time :38.94088363647461 | DataProcessing Time :75.40567827224731
Training Epoch :  44 | Total loss : 0.3326 
Validation Epoch :  44 | Total loss : 0.34639946| Model Time :39.497267961502075 | DataProcessing Time :73.23861718177795
Training Epoch :  45 | Total loss : 0.3327 
Validation Epoch :  45 | Total loss : 0.34751311| Model Time :44.377543210983276 | DataProcessing Time :75.1049530506134
Training Epoch :  46 | Total loss : 0.3324 
Validation Epoch :  46 | Total loss : 0.34678462| Model Time :39.52265191078186 | DataProcessing Time :76.60984134674072
Training Epoch :  47 | Total loss : 0.3320 
Validation Epoch :  47 | Total loss : 0.34566429| Model Time :40.52080059051514 | DataProcessing Time :75.79832482337952
Training Epoch :  48 | Total loss : 0.3322 
Validation Epoch :  48 | Total loss : 0.34640351| Model Time :39.130675315856934 | DataProcessing Time :75.30625009536743
Training Epoch :  49 | Total loss : 0.3320 
Validation Epoch :  49 | Total loss : 0.34590805| Model Time :39.711172580718994 | DataProcessing Time :80.19639229774475
Training Epoch :  50 | Total loss : 0.3317 
Validation Epoch :  50 | Total loss : 0.34568569| Model Time :40.2410569190979 | DataProcessing Time :76.21584606170654
Training Epoch :  51 | Total loss : 0.3313 
Validation Epoch :  51 | Total loss : 0.34654209| Model Time :40.6268527507782 | DataProcessing Time :76.80356645584106
Training Epoch :  52 | Total loss : 0.3315 
SVD converge fail SVD did not converge
Validation Epoch :  52 | Total loss : 0.34554201| Model Time :40.02713394165039 | DataProcessing Time :75.1272873878479
Training Epoch :  53 | Total loss : 0.3316 
Validation Epoch :  53 | Total loss : 0.34583658| Model Time :41.490673303604126 | DataProcessing Time :75.22258377075195
Training Epoch :  54 | Total loss : 0.3313 
Validation Epoch :  54 | Total loss : 0.34654060| Model Time :39.166236877441406 | DataProcessing Time :75.45936417579651
Training Epoch :  55 | Total loss : 0.3317 
Validation Epoch :  55 | Total loss : 0.34618175| Model Time :39.989980936050415 | DataProcessing Time :74.77118992805481
Training Epoch :  56 | Total loss : 0.3309 
Validation Epoch :  56 | Total loss : 0.34582117| Model Time :40.17025685310364 | DataProcessing Time :75.5448567867279
Training Epoch :  57 | Total loss : 0.3309 
Validation Epoch :  57 | Total loss : 0.34555876| Model Time :40.772862911224365 | DataProcessing Time :76.93302583694458
Training Epoch :  58 | Total loss : 0.3308 
Validation Epoch :  58 | Total loss : 0.34571961| Model Time :41.105759143829346 | DataProcessing Time :76.61883568763733
Training Epoch :  59 | Total loss : 0.3305 
Validation Epoch :  59 | Total loss : 0.34585375| Model Time :40.58968639373779 | DataProcessing Time :79.52163624763489
Training Epoch :  60 | Total loss : 0.3306 
SVD converge fail SVD did not converge
Validation Epoch :  60 | Total loss : 0.34558627| Model Time :40.433992862701416 | DataProcessing Time :74.89808535575867
Training Epoch :  61 | Total loss : 0.3306 
Validation Epoch :  61 | Total loss : 0.34565490| Model Time :40.771785259246826 | DataProcessing Time :76.31115627288818
Training Epoch :  62 | Total loss : 0.3304 
Validation Epoch :  62 | Total loss : 0.34566277| Model Time :40.09499406814575 | DataProcessing Time :74.77932953834534
Training Epoch :  63 | Total loss : 0.3308 
Validation Epoch :  63 | Total loss : 0.34556681| Model Time :40.13592529296875 | DataProcessing Time :76.67340683937073
Training Epoch :  64 | Total loss : 0.3301 
SVD converge fail SVD did not converge
Validation Epoch :  64 | Total loss : 0.34538543| Model Time :39.92733335494995 | DataProcessing Time :75.6640305519104
Training Epoch :  65 | Total loss : 0.3299 
Validation Epoch :  65 | Total loss : 0.34552428| Model Time :40.23267865180969 | DataProcessing Time :72.38717555999756
Training Epoch :  66 | Total loss : 0.3304 
Validation Epoch :  66 | Total loss : 0.34563085| Model Time :39.06822395324707 | DataProcessing Time :75.01854991912842
Training Epoch :  67 | Total loss : 0.3301 
Validation Epoch :  67 | Total loss : 0.34582308| Model Time :41.66654944419861 | DataProcessing Time :77.28518772125244
Training Epoch :  68 | Total loss : 0.3295 
Validation Epoch :  68 | Total loss : 0.34521487| Model Time :39.921162843704224 | DataProcessing Time :74.80727910995483
Training Epoch :  69 | Total loss : 0.3291 
SVD converge fail SVD did not converge
Validation Epoch :  69 | Total loss : 0.34520018| Model Time :40.37793827056885 | DataProcessing Time :76.8488380908966
Training Epoch :  70 | Total loss : 0.3295 
Validation Epoch :  70 | Total loss : 0.34589413| Model Time :45.95751976966858 | DataProcessing Time :75.41658616065979
Training Epoch :  71 | Total loss : 0.3295 
Validation Epoch :  71 | Total loss : 0.34546101| Model Time :41.826406955718994 | DataProcessing Time :76.57631587982178
Training Epoch :  72 | Total loss : 0.3292 
Validation Epoch :  72 | Total loss : 0.34504730| Model Time :39.216978549957275 | DataProcessing Time :74.71846318244934
Training Epoch :  73 | Total loss : 0.3288 
Validation Epoch :  73 | Total loss : 0.34507051| Model Time :41.202409505844116 | DataProcessing Time :75.52211022377014
Training Epoch :  74 | Total loss : 0.3287 
Validation Epoch :  74 | Total loss : 0.34561765| Model Time :41.195616722106934 | DataProcessing Time :75.3473596572876
Training Epoch :  75 | Total loss : 0.3288 
SVD converge fail SVD did not converge
Validation Epoch :  75 | Total loss : 0.34522140| Model Time :43.407607078552246 | DataProcessing Time :75.12758278846741
Training Epoch :  76 | Total loss : 0.3291 
Validation Epoch :  76 | Total loss : 0.34533224| Model Time :41.151883363723755 | DataProcessing Time :73.50413823127747
Training Epoch :  77 | Total loss : 0.3286 
Validation Epoch :  77 | Total loss : 0.34549296| Model Time :47.417628049850464 | DataProcessing Time :76.82641077041626
Training Epoch :  78 | Total loss : 0.3287 
SVD converge fail SVD did not converge
Validation Epoch :  78 | Total loss : 0.34539092| Model Time :40.629202127456665 | DataProcessing Time :74.65592408180237
Training Epoch :  79 | Total loss : 0.3285 
Validation Epoch :  79 | Total loss : 0.34589082| Model Time :40.506457567214966 | DataProcessing Time :75.74080872535706
Training Epoch :  80 | Total loss : 0.3285 
Validation Epoch :  80 | Total loss : 0.34583908| Model Time :39.45656371116638 | DataProcessing Time :75.04575276374817
Training Epoch :  81 | Total loss : 0.3281 
SVD converge fail SVD did not converge
Validation Epoch :  81 | Total loss : 0.34567651| Model Time :41.777939558029175 | DataProcessing Time :76.38534569740295
Training Epoch :  82 | Total loss : 0.3276 
Validation Epoch :  82 | Total loss : 0.34663579| Model Time :40.09468412399292 | DataProcessing Time :76.81360650062561
Training Epoch :  83 | Total loss : 0.3280 
Validation Epoch :  83 | Total loss : 0.34537813| Model Time :40.06940937042236 | DataProcessing Time :74.43149065971375
Training Epoch :  84 | Total loss : 0.3278 
Validation Epoch :  84 | Total loss : 0.34604898| Model Time :39.22240972518921 | DataProcessing Time :73.05657243728638
Training Epoch :  85 | Total loss : 0.3276 
SVD converge fail SVD did not converge
Validation Epoch :  85 | Total loss : 0.34564593| Model Time :37.58322525024414 | DataProcessing Time :72.76589679718018
Training Epoch :  86 | Total loss : 0.3273 
Validation Epoch :  86 | Total loss : 0.34565964| Model Time :38.63752031326294 | DataProcessing Time :72.36715126037598
Training Epoch :  87 | Total loss : 0.3276 
Validation Epoch :  87 | Total loss : 0.34618631| Model Time :36.91211652755737 | DataProcessing Time :73.5875780582428
Training Epoch :  88 | Total loss : 0.3275 
Validation Epoch :  88 | Total loss : 0.34584931| Model Time :39.196715116500854 | DataProcessing Time :74.22294664382935
Training Epoch :  89 | Total loss : 0.3283 
Validation Epoch :  89 | Total loss : 0.34785575| Model Time :38.167091608047485 | DataProcessing Time :73.10640716552734
Training Epoch :  90 | Total loss : 0.3276 
Validation Epoch :  90 | Total loss : 0.34557578| Model Time :37.14067721366882 | DataProcessing Time :72.46823811531067
Training Epoch :  91 | Total loss : 0.3270 
Validation Epoch :  91 | Total loss : 0.34587991| Model Time :37.10270571708679 | DataProcessing Time :73.92559361457825
Training Epoch :  92 | Total loss : 0.3270 
Validation Epoch :  92 | Total loss : 0.34604448| Model Time :36.796536445617676 | DataProcessing Time :74.71774196624756
Training Epoch :  93 | Total loss : 0.3265 
Validation Epoch :  93 | Total loss : 0.34648407| Model Time :36.58522319793701 | DataProcessing Time :72.81577682495117
Training Epoch :  94 | Total loss : 0.3264 
Validation Epoch :  94 | Total loss : 0.34665090| Model Time :36.952884674072266 | DataProcessing Time :74.91940593719482
Training Epoch :  95 | Total loss : 0.3268 
Validation Epoch :  95 | Total loss : 0.34619278| Model Time :36.58783316612244 | DataProcessing Time :72.73821496963501
Training Epoch :  96 | Total loss : 0.3266 
Validation Epoch :  96 | Total loss : 0.34616488| Model Time :38.30624032020569 | DataProcessing Time :71.97009754180908
Training Epoch :  97 | Total loss : 0.3264 
Validation Epoch :  97 | Total loss : 0.34698373| Model Time :37.16406536102295 | DataProcessing Time :72.7604660987854
Training Epoch :  98 | Total loss : 0.3262 
SVD converge fail SVD did not converge
Validation Epoch :  98 | Total loss : 0.34625405| Model Time :37.36848521232605 | DataProcessing Time :75.482102394104
Training Epoch :  99 | Total loss : 0.3256 
Validation Epoch :  99 | Total loss : 0.34679523| Model Time :36.705965757369995 | DataProcessing Time :78.51038813591003
Training Epoch : 100 | Total loss : 0.3258 
SVD converge fail SVD did not converge
Validation Epoch : 100 | Total loss : 0.34646857| Model Time :36.96979880332947 | DataProcessing Time :75.48642134666443
Training Epoch : 101 | Total loss : 0.3257 
SVD converge fail SVD did not converge
Validation Epoch : 101 | Total loss : 0.34724748| Model Time :36.925705432891846 | DataProcessing Time :74.3142614364624
Training Epoch : 102 | Total loss : 0.3258 
Validation Epoch : 102 | Total loss : 0.34701714| Model Time :36.701833724975586 | DataProcessing Time :73.75868964195251
Training Epoch : 103 | Total loss : 0.3251 
Validation Epoch : 103 | Total loss : 0.34752676| Model Time :36.808701515197754 | DataProcessing Time :76.01389932632446
Training Epoch : 104 | Total loss : 0.3254 
Validation Epoch : 104 | Total loss : 0.34808484| Model Time :37.026034355163574 | DataProcessing Time :72.96779370307922
Training Epoch : 105 | Total loss : 0.3256 
Validation Epoch : 105 | Total loss : 0.34752670| Model Time :36.8052761554718 | DataProcessing Time :72.76916551589966
Training Epoch : 106 | Total loss : 0.3250 
Validation Epoch : 106 | Total loss : 0.34762958| Model Time :37.30112028121948 | DataProcessing Time :78.37187767028809
Training Epoch : 107 | Total loss : 0.3249 
SVD converge fail SVD did not converge
Validation Epoch : 107 | Total loss : 0.34743828| Model Time :37.73517322540283 | DataProcessing Time :72.4871768951416
Training Epoch : 108 | Total loss : 0.3248 
Validation Epoch : 108 | Total loss : 0.34791452| Model Time :36.900474071502686 | DataProcessing Time :72.14456701278687
Training Epoch : 109 | Total loss : 0.3240 
Validation Epoch : 109 | Total loss : 0.34784916| Model Time :36.76648306846619 | DataProcessing Time :71.2578136920929
Training Epoch : 110 | Total loss : 0.3240 
Validation Epoch : 110 | Total loss : 0.34807983| Model Time :36.88123178482056 | DataProcessing Time :74.79507827758789
Training Epoch : 111 | Total loss : 0.3236 
SVD converge fail SVD did not converge
Validation Epoch : 111 | Total loss : 0.34786880| Model Time :36.79261231422424 | DataProcessing Time :73.80921149253845
Training Epoch : 112 | Total loss : 0.3235 
Validation Epoch : 112 | Total loss : 0.34899700| Model Time :37.387176275253296 | DataProcessing Time :74.14329361915588
Training Epoch : 113 | Total loss : 0.3237 
Validation Epoch : 113 | Total loss : 0.34877548| Model Time :36.8285026550293 | DataProcessing Time :72.21057200431824
Training Epoch : 114 | Total loss : 0.3235 
Validation Epoch : 114 | Total loss : 0.34873822| Model Time :37.08869910240173 | DataProcessing Time :75.65057802200317
Training Epoch : 115 | Total loss : 0.3230 
Validation Epoch : 115 | Total loss : 0.34897622| Model Time :36.783294677734375 | DataProcessing Time :72.16982388496399
Training Epoch : 116 | Total loss : 0.3229 
Validation Epoch : 116 | Total loss : 0.34939426| Model Time :37.404372692108154 | DataProcessing Time :74.14914011955261
Training Epoch : 117 | Total loss : 0.3225 
Validation Epoch : 117 | Total loss : 0.34877732| Model Time :36.67128086090088 | DataProcessing Time :73.50392484664917
Training Epoch : 118 | Total loss : 0.3229 
Validation Epoch : 118 | Total loss : 0.34974840| Model Time :36.82452726364136 | DataProcessing Time :76.10493230819702
Training Epoch : 119 | Total loss : 0.3224 
Validation Epoch : 119 | Total loss : 0.34905347| Model Time :37.15325307846069 | DataProcessing Time :71.68063592910767
Training Epoch : 120 | Total loss : 0.3224 
Validation Epoch : 120 | Total loss : 0.35036656| Model Time :36.819724559783936 | DataProcessing Time :71.98886799812317
Training Epoch : 121 | Total loss : 0.3224 
Validation Epoch : 121 | Total loss : 0.34979218| Model Time :39.752315282821655 | DataProcessing Time :73.00785803794861
Training Epoch : 122 | Total loss : 0.3214 
Validation Epoch : 122 | Total loss : 0.35039195| Model Time :37.089518308639526 | DataProcessing Time :72.51494574546814
Training Epoch : 123 | Total loss : 0.3214 
Validation Epoch : 123 | Total loss : 0.35079351| Model Time :37.20856976509094 | DataProcessing Time :73.62821221351624
Training Epoch : 124 | Total loss : 0.3213 
Validation Epoch : 124 | Total loss : 0.35042897| Model Time :37.45025587081909 | DataProcessing Time :74.14332985877991
Training Epoch : 125 | Total loss : 0.3212 
Validation Epoch : 125 | Total loss : 0.35125491| Model Time :37.124897956848145 | DataProcessing Time :75.04483413696289
Training Epoch : 126 | Total loss : 0.3216 
Validation Epoch : 126 | Total loss : 0.35101879| Model Time :36.70574450492859 | DataProcessing Time :74.95077300071716
Training Epoch : 127 | Total loss : 0.3199 
Validation Epoch : 127 | Total loss : 0.35214433| Model Time :37.378117084503174 | DataProcessing Time :73.69570136070251
Training Epoch : 128 | Total loss : 0.3202 
Validation Epoch : 128 | Total loss : 0.35128346| Model Time :37.24561071395874 | DataProcessing Time :74.3976686000824
Training Epoch : 129 | Total loss : 0.3202 
SVD converge fail SVD did not converge
SVD converge fail SVD did not converge
Validation Epoch : 129 | Total loss : 0.35053542| Model Time :38.3540403842926 | DataProcessing Time :72.67938232421875
Training Epoch : 130 | Total loss : 0.3194 
Validation Epoch : 130 | Total loss : 0.35323387| Model Time :39.656893730163574 | DataProcessing Time :71.38246703147888
Training Epoch : 131 | Total loss : 0.3196 
Validation Epoch : 131 | Total loss : 0.35178867| Model Time :37.4059522151947 | DataProcessing Time :72.72382020950317
Training Epoch : 132 | Total loss : 0.3200 
Validation Epoch : 132 | Total loss : 0.35278383| Model Time :38.525094747543335 | DataProcessing Time :74.55202174186707
Training Epoch : 133 | Total loss : 0.3188 
Validation Epoch : 133 | Total loss : 0.35290095| Model Time :36.597100257873535 | DataProcessing Time :73.65730881690979
Training Epoch : 134 | Total loss : 0.3181 
Validation Epoch : 134 | Total loss : 0.35390300| Model Time :39.78234386444092 | DataProcessing Time :72.96131896972656
Training Epoch : 135 | Total loss : 0.3182 
Validation Epoch : 135 | Total loss : 0.35274729| Model Time :37.26917791366577 | DataProcessing Time :71.96136116981506
Training Epoch : 136 | Total loss : 0.3182 
Validation Epoch : 136 | Total loss : 0.35354826| Model Time :37.35701370239258 | DataProcessing Time :72.61864423751831
Training Epoch : 137 | Total loss : 0.3186 
SVD converge fail SVD did not converge
Validation Epoch : 137 | Total loss : 0.35154188| Model Time :37.43919277191162 | DataProcessing Time :73.43639183044434
Training Epoch : 138 | Total loss : 0.3179 
Validation Epoch : 138 | Total loss : 0.35361844| Model Time :38.543375730514526 | DataProcessing Time :71.91884660720825
Training Epoch : 139 | Total loss : 0.3172 
Validation Epoch : 139 | Total loss : 0.35402948| Model Time :39.28429341316223 | DataProcessing Time :74.29827904701233
Training Epoch : 140 | Total loss : 0.3168 
SVD converge fail SVD did not converge
Validation Epoch : 140 | Total loss : 0.35413250| Model Time :37.29092240333557 | DataProcessing Time :73.20848226547241
Training Epoch : 141 | Total loss : 0.3168 
Validation Epoch : 141 | Total loss : 0.35486880| Model Time :37.07628679275513 | DataProcessing Time :73.07908797264099
Training Epoch : 142 | Total loss : 0.3160 
Validation Epoch : 142 | Total loss : 0.35477895| Model Time :37.404080390930176 | DataProcessing Time :72.00098466873169
Training Epoch : 143 | Total loss : 0.3158 
Validation Epoch : 143 | Total loss : 0.35614035| Model Time :36.962546825408936 | DataProcessing Time :72.92483067512512
Training Epoch : 144 | Total loss : 0.3155 
Validation Epoch : 144 | Total loss : 0.35629383| Model Time :36.90478014945984 | DataProcessing Time :73.6937735080719
Training Epoch : 145 | Total loss : 0.3154 
Validation Epoch : 145 | Total loss : 0.35598990| Model Time :38.70754790306091 | DataProcessing Time :74.23719644546509
Training Epoch : 146 | Total loss : 0.3154 
Validation Epoch : 146 | Total loss : 0.35899478| Model Time :37.941807985305786 | DataProcessing Time :73.89345812797546
Training Epoch : 147 | Total loss : 0.3156 
SVD converge fail SVD did not converge
Validation Epoch : 147 | Total loss : 0.35601637| Model Time :36.958158016204834 | DataProcessing Time :74.60922241210938
Training Epoch : 148 | Total loss : 0.3146 
Validation Epoch : 148 | Total loss : 0.35943422| Model Time :36.82526183128357 | DataProcessing Time :72.9984200000763
Training Epoch : 149 | Total loss : 0.3146 
Validation Epoch : 149 | Total loss : 0.35745367| Model Time :37.2082793712616 | DataProcessing Time :73.40016460418701
Training Epoch : 150 | Total loss : 0.3147 
Validation Epoch : 150 | Total loss : 0.35752931| Model Time :37.06806135177612 | DataProcessing Time :73.06664752960205
Training Epoch : 151 | Total loss : 0.3144 
SVD converge fail SVD did not converge
Validation Epoch : 151 | Total loss : 0.35948476| Model Time :37.20656180381775 | DataProcessing Time :73.27537155151367
Training Epoch : 152 | Total loss : 0.3147 
Validation Epoch : 152 | Total loss : 0.35768303| Model Time :37.00875806808472 | DataProcessing Time :73.8013527393341
Training Epoch : 153 | Total loss : 0.3128 
Validation Epoch : 153 | Total loss : 0.35985830| Model Time :37.30160665512085 | DataProcessing Time :72.07949542999268
Training Epoch : 154 | Total loss : 0.3125 
Validation Epoch : 154 | Total loss : 0.35889351| Model Time :37.42886137962341 | DataProcessing Time :72.14814472198486
Training Epoch : 155 | Total loss : 0.3121 
SVD converge fail SVD did not converge
Validation Epoch : 155 | Total loss : 0.35860023| Model Time :37.03658413887024 | DataProcessing Time :70.56116819381714
Training Epoch : 156 | Total loss : 0.3140 
SVD converge fail SVD did not converge
Validation Epoch : 156 | Total loss : 0.35936728| Model Time :38.846797704696655 | DataProcessing Time :72.9889714717865
Training Epoch : 157 | Total loss : 0.3128 
SVD converge fail SVD did not converge
Validation Epoch : 157 | Total loss : 0.35945451| Model Time :37.4346878528595 | DataProcessing Time :72.81343531608582
Training Epoch : 158 | Total loss : 0.3120 
Validation Epoch : 158 | Total loss : 0.35926697| Model Time :37.111547231674194 | DataProcessing Time :72.84564685821533
Training Epoch : 159 | Total loss : 0.3114 
Validation Epoch : 159 | Total loss : 0.36077422| Model Time :38.31709170341492 | DataProcessing Time :72.64488458633423
Training Epoch : 160 | Total loss : 0.3115 
Validation Epoch : 160 | Total loss : 0.36056522| Model Time :36.91663098335266 | DataProcessing Time :72.7886164188385
Training Epoch : 161 | Total loss : 0.3108 
Validation Epoch : 161 | Total loss : 0.36090794| Model Time :36.77500247955322 | DataProcessing Time :72.34780979156494
Training Epoch : 162 | Total loss : 0.3107 
SVD converge fail SVD did not converge
Validation Epoch : 162 | Total loss : 0.36146364| Model Time :38.114840507507324 | DataProcessing Time :74.04136872291565
Training Epoch : 163 | Total loss : 0.3095 
Validation Epoch : 163 | Total loss : 0.36353895| Model Time :37.26846385002136 | DataProcessing Time :71.76632118225098
Training Epoch : 164 | Total loss : 0.3091 
Validation Epoch : 164 | Total loss : 0.36171550| Model Time :36.921356201171875 | DataProcessing Time :73.28656768798828
Training Epoch : 165 | Total loss : 0.3101 
Validation Epoch : 165 | Total loss : 0.36223477| Model Time :36.77692985534668 | DataProcessing Time :72.4388701915741
Training Epoch : 166 | Total loss : 0.3097 
Validation Epoch : 166 | Total loss : 0.36145481| Model Time :39.55714297294617 | DataProcessing Time :72.60836482048035
Training Epoch : 167 | Total loss : 0.3090 
SVD converge fail SVD did not converge
Validation Epoch : 167 | Total loss : 0.36184385| Model Time :38.265392541885376 | DataProcessing Time :71.24785900115967
Training Epoch : 168 | Total loss : 0.3084 
Validation Epoch : 168 | Total loss : 0.36135200| Model Time :38.96103358268738 | DataProcessing Time :74.41397476196289
Training Epoch : 169 | Total loss : 0.3080 
Validation Epoch : 169 | Total loss : 0.36274332| Model Time :44.175132751464844 | DataProcessing Time :75.14922142028809
Training Epoch : 170 | Total loss : 0.3078 
Validation Epoch : 170 | Total loss : 0.36244148| Model Time :37.721497774124146 | DataProcessing Time :72.64522385597229
Training Epoch : 171 | Total loss : 0.3073 
Validation Epoch : 171 | Total loss : 0.36427730| Model Time :37.42291331291199 | DataProcessing Time :71.70151996612549
Training Epoch : 172 | Total loss : 0.3076 
Validation Epoch : 172 | Total loss : 0.36503965| Model Time :36.84489154815674 | DataProcessing Time :72.0655951499939
Training Epoch : 173 | Total loss : 0.3079 
Validation Epoch : 173 | Total loss : 0.36318323| Model Time :38.11142349243164 | DataProcessing Time :72.2310619354248
Training Epoch : 174 | Total loss : 0.3074 
Validation Epoch : 174 | Total loss : 0.36521980| Model Time :37.19729423522949 | DataProcessing Time :71.05744504928589
Training Epoch : 175 | Total loss : 0.3073 
Validation Epoch : 175 | Total loss : 0.36407867| Model Time :37.06800174713135 | DataProcessing Time :73.24592638015747
Training Epoch : 176 | Total loss : 0.3069 
Validation Epoch : 176 | Total loss : 0.36493796| Model Time :37.26064085960388 | DataProcessing Time :71.73667240142822
Training Epoch : 177 | Total loss : 0.3061 
Validation Epoch : 177 | Total loss : 0.36463130| Model Time :37.05314636230469 | DataProcessing Time :72.1319694519043
Training Epoch : 178 | Total loss : 0.3060 
Validation Epoch : 178 | Total loss : 0.36460882| Model Time :37.67019295692444 | DataProcessing Time :71.13514971733093
Training Epoch : 179 | Total loss : 0.3059 
Validation Epoch : 179 | Total loss : 0.36566171| Model Time :37.155277729034424 | DataProcessing Time :72.63114261627197
Training Epoch : 180 | Total loss : 0.3060 
SVD converge fail SVD did not converge
Validation Epoch : 180 | Total loss : 0.36786768| Model Time :36.947723627090454 | DataProcessing Time :74.29620814323425
Training Epoch : 181 | Total loss : 0.3059 
Validation Epoch : 181 | Total loss : 0.36438161| Model Time :37.21041011810303 | DataProcessing Time :72.98955702781677
Training Epoch : 182 | Total loss : 0.3056 
Validation Epoch : 182 | Total loss : 0.36549976| Model Time :37.46920156478882 | DataProcessing Time :75.93624782562256
Training Epoch : 183 | Total loss : 0.3061 
Validation Epoch : 183 | Total loss : 0.36528990| Model Time :39.733731746673584 | DataProcessing Time :72.11499571800232
Training Epoch : 184 | Total loss : 0.3044 
SVD converge fail SVD did not converge
Validation Epoch : 184 | Total loss : 0.36812589| Model Time :36.69360017776489 | DataProcessing Time :72.78114366531372
Training Epoch : 185 | Total loss : 0.3042 
Validation Epoch : 185 | Total loss : 0.36641318| Model Time :37.06897592544556 | DataProcessing Time :71.03270053863525
Training Epoch : 186 | Total loss : 0.3044 
Validation Epoch : 186 | Total loss : 0.36604530| Model Time :38.01463747024536 | DataProcessing Time :74.14096784591675
Training Epoch : 187 | Total loss : 0.3037 
Validation Epoch : 187 | Total loss : 0.36810198| Model Time :37.03860068321228 | DataProcessing Time :72.03548550605774
Training Epoch : 188 | Total loss : 0.3034 
Validation Epoch : 188 | Total loss : 0.36781299| Model Time :37.23173642158508 | DataProcessing Time :73.14022064208984
Training Epoch : 189 | Total loss : 0.3026 
Validation Epoch : 189 | Total loss : 0.37200174| Model Time :37.31151628494263 | DataProcessing Time :70.37328028678894
Training Epoch : 190 | Total loss : 0.3036 
Validation Epoch : 190 | Total loss : 0.36872342| Model Time :37.2405743598938 | DataProcessing Time :71.24416995048523
Training Epoch : 191 | Total loss : 0.3046 
Validation Epoch : 191 | Total loss : 0.36875024| Model Time :39.58700942993164 | DataProcessing Time :74.1834807395935
Training Epoch : 192 | Total loss : 0.3026 
Validation Epoch : 192 | Total loss : 0.37047353| Model Time :39.31111264228821 | DataProcessing Time :76.37434720993042
Training Epoch : 193 | Total loss : 0.3023 
Validation Epoch : 193 | Total loss : 0.36963150| Model Time :41.42537212371826 | DataProcessing Time :74.1212465763092
Training Epoch : 194 | Total loss : 0.3017 
Validation Epoch : 194 | Total loss : 0.36931866| Model Time :39.24364638328552 | DataProcessing Time :73.51178240776062
Training Epoch : 195 | Total loss : 0.3014 
Validation Epoch : 195 | Total loss : 0.36832720| Model Time :38.114532232284546 | DataProcessing Time :71.925626039505
Training Epoch : 196 | Total loss : 0.3017 
Validation Epoch : 196 | Total loss : 0.36907414| Model Time :37.53132438659668 | DataProcessing Time :74.83706021308899
Training Epoch : 197 | Total loss : 0.3014 
Validation Epoch : 197 | Total loss : 0.36939934| Model Time :36.98818039894104 | DataProcessing Time :71.11911416053772
Training Epoch : 198 | Total loss : 0.3019 
Validation Epoch : 198 | Total loss : 0.36844215| Model Time :37.96670603752136 | DataProcessing Time :73.11920547485352
Training Epoch : 199 | Total loss : 0.3020 
Validation Epoch : 199 | Total loss : 0.37079227| Model Time :39.8874888420105 | DataProcessing Time :72.57960033416748
Training Epoch : 200 | Total loss : 0.3015 
Validation Epoch : 200 | Total loss : 0.37187296| Model Time :37.70337986946106 | DataProcessing Time :70.46666860580444
Training Epoch : 201 | Total loss : 0.3009 
Validation Epoch : 201 | Total loss : 0.36935502| Model Time :37.31093382835388 | DataProcessing Time :71.39457941055298
Training Epoch : 202 | Total loss : 0.3009 
SVD converge fail SVD did not converge
Validation Epoch : 202 | Total loss : 0.37345421| Model Time :38.0877845287323 | DataProcessing Time :74.00594830513
Training Epoch : 203 | Total loss : 0.3005 
Validation Epoch : 203 | Total loss : 0.37185207| Model Time :38.07469058036804 | DataProcessing Time :73.24304938316345
Training Epoch : 204 | Total loss : 0.2999 
Validation Epoch : 204 | Total loss : 0.37115678| Model Time :37.69668173789978 | DataProcessing Time :74.08355236053467
Training Epoch : 205 | Total loss : 0.2998 
Validation Epoch : 205 | Total loss : 0.37125549| Model Time :36.926008224487305 | DataProcessing Time :74.32768535614014
Training Epoch : 206 | Total loss : 0.2999 
Validation Epoch : 206 | Total loss : 0.36917531| Model Time :38.11673355102539 | DataProcessing Time :75.91490292549133
Training Epoch : 207 | Total loss : 0.3007 
Validation Epoch : 207 | Total loss : 0.37055203| Model Time :38.80522322654724 | DataProcessing Time :77.18232417106628
Training Epoch : 208 | Total loss : 0.3001 
Validation Epoch : 208 | Total loss : 0.37294999| Model Time :42.48216724395752 | DataProcessing Time :77.25573682785034
Training Epoch : 209 | Total loss : 0.2992 
SVD converge fail SVD did not converge
Validation Epoch : 209 | Total loss : 0.37132132| Model Time :39.51245427131653 | DataProcessing Time :77.42350125312805
Training Epoch : 210 | Total loss : 0.2989 
Validation Epoch : 210 | Total loss : 0.37025648| Model Time :39.62423801422119 | DataProcessing Time :77.76694178581238
Training Epoch : 211 | Total loss : 0.2993 
Validation Epoch : 211 | Total loss : 0.37083265| Model Time :39.64031362533569 | DataProcessing Time :77.4994785785675
Training Epoch : 212 | Total loss : 0.2985 
Validation Epoch : 212 | Total loss : 0.37112853| Model Time :39.294774770736694 | DataProcessing Time :76.03421807289124
Training Epoch : 213 | Total loss : 0.2991 
Validation Epoch : 213 | Total loss : 0.36938155| Model Time :45.06054711341858 | DataProcessing Time :74.58391809463501
Training Epoch : 214 | Total loss : 0.2990 
Validation Epoch : 214 | Total loss : 0.37209967| Model Time :40.018489599227905 | DataProcessing Time :74.96178984642029
Training Epoch : 215 | Total loss : 0.2989 
Validation Epoch : 215 | Total loss : 0.37356302| Model Time :39.481343507766724 | DataProcessing Time :74.11794018745422
Training Epoch : 216 | Total loss : 0.2992 
Validation Epoch : 216 | Total loss : 0.37279350| Model Time :37.99692511558533 | DataProcessing Time :71.20267868041992
Training Epoch : 217 | Total loss : 0.2987 
Validation Epoch : 217 | Total loss : 0.37651846| Model Time :38.63904404640198 | DataProcessing Time :73.29045820236206
Training Epoch : 218 | Total loss : 0.2978 
Validation Epoch : 218 | Total loss : 0.37288067| Model Time :37.09010601043701 | DataProcessing Time :72.10075044631958
Training Epoch : 219 | Total loss : 0.2979 
Validation Epoch : 219 | Total loss : 0.37248626| Model Time :40.025192975997925 | DataProcessing Time :72.67013096809387
Training Epoch : 220 | Total loss : 0.2983 
Validation Epoch : 220 | Total loss : 0.37425378| Model Time :39.489123821258545 | DataProcessing Time :75.46586108207703
Training Epoch : 221 | Total loss : 0.2983 
Validation Epoch : 221 | Total loss : 0.37397441| Model Time :40.5744845867157 | DataProcessing Time :71.48066782951355
Training Epoch : 222 | Total loss : 0.2971 
Validation Epoch : 222 | Total loss : 0.37351736| Model Time :37.353087186813354 | DataProcessing Time :73.92310810089111
Training Epoch : 223 | Total loss : 0.2963 
Validation Epoch : 223 | Total loss : 0.37402996| Model Time :39.485313415527344 | DataProcessing Time :70.04426050186157
Training Epoch : 224 | Total loss : 0.2963 
Validation Epoch : 224 | Total loss : 0.37447467| Model Time :37.63598299026489 | DataProcessing Time :71.0490288734436
Training Epoch : 225 | Total loss : 0.2964 
Validation Epoch : 225 | Total loss : 0.37492198| Model Time :36.65697264671326 | DataProcessing Time :72.58558988571167
Training Epoch : 226 | Total loss : 0.2971 
Validation Epoch : 226 | Total loss : 0.37490815| Model Time :37.96153116226196 | DataProcessing Time :71.18811440467834
Training Epoch : 227 | Total loss : 0.2966 
Validation Epoch : 227 | Total loss : 0.37505797| Model Time :41.39652729034424 | DataProcessing Time :70.88010334968567
Training Epoch : 228 | Total loss : 0.2962 
Validation Epoch : 228 | Total loss : 0.37363538| Model Time :37.92931270599365 | DataProcessing Time :71.23758244514465
Training Epoch : 229 | Total loss : 0.2966 
Validation Epoch : 229 | Total loss : 0.37414134| Model Time :36.8001594543457 | DataProcessing Time :71.78156399726868
Training Epoch : 230 | Total loss : 0.2968 
Validation Epoch : 230 | Total loss : 0.37548479| Model Time :37.0574848651886 | DataProcessing Time :70.59861755371094
Training Epoch : 231 | Total loss : 0.2960 
Validation Epoch : 231 | Total loss : 0.37659714| Model Time :37.75030446052551 | DataProcessing Time :70.50911498069763
Training Epoch : 232 | Total loss : 0.2962 
SVD converge fail SVD did not converge
Validation Epoch : 232 | Total loss : 0.37760317| Model Time :37.4759042263031 | DataProcessing Time :73.94744873046875
Training Epoch : 233 | Total loss : 0.2964 
Validation Epoch : 233 | Total loss : 0.37606829| Model Time :36.74536108970642 | DataProcessing Time :70.48758149147034
Training Epoch : 234 | Total loss : 0.2960 
Validation Epoch : 234 | Total loss : 0.37584561| Model Time :36.04019856452942 | DataProcessing Time :71.9585063457489
Training Epoch : 235 | Total loss : 0.2958 
Validation Epoch : 235 | Total loss : 0.37777370| Model Time :44.16022038459778 | DataProcessing Time :72.82106184959412
Training Epoch : 236 | Total loss : 0.2954 
Validation Epoch : 236 | Total loss : 0.37776193| Model Time :40.18624925613403 | DataProcessing Time :72.3262505531311
Training Epoch : 237 | Total loss : 0.2957 
Validation Epoch : 237 | Total loss : 0.37647304| Model Time :36.844308614730835 | DataProcessing Time :71.72041344642639
Training Epoch : 238 | Total loss : 0.2956 
Validation Epoch : 238 | Total loss : 0.37834409| Model Time :36.52513837814331 | DataProcessing Time :71.24773383140564
Training Epoch : 239 | Total loss : 0.2955 
Validation Epoch : 239 | Total loss : 0.37653956| Model Time :36.960896253585815 | DataProcessing Time :68.93132996559143
Training Epoch : 240 | Total loss : 0.2950 
Validation Epoch : 240 | Total loss : 0.37921751| Model Time :37.495150327682495 | DataProcessing Time :70.64101028442383
Training Epoch : 241 | Total loss : 0.2951 
Validation Epoch : 241 | Total loss : 0.37640589| Model Time :36.838672161102295 | DataProcessing Time :71.9885835647583
Training Epoch : 242 | Total loss : 0.2954 
Validation Epoch : 242 | Total loss : 0.37794632| Model Time :36.69714426994324 | DataProcessing Time :71.01144361495972
Training Epoch : 243 | Total loss : 0.2964 
Validation Epoch : 243 | Total loss : 0.37514326| Model Time :37.212653160095215 | DataProcessing Time :71.46364617347717
Training Epoch : 244 | Total loss : 0.2949 
Validation Epoch : 244 | Total loss : 0.37448972| Model Time :36.41655611991882 | DataProcessing Time :72.85939526557922
Training Epoch : 245 | Total loss : 0.2949 
SVD converge fail SVD did not converge
Validation Epoch : 245 | Total loss : 0.37643111| Model Time :37.35440754890442 | DataProcessing Time :73.8222496509552
Training Epoch : 246 | Total loss : 0.2956 
SVD converge fail SVD did not converge
Validation Epoch : 246 | Total loss : 0.37484559| Model Time :37.360350608825684 | DataProcessing Time :71.67692232131958
Training Epoch : 247 | Total loss : 0.2948 
SVD converge fail SVD did not converge
Validation Epoch : 247 | Total loss : 0.37602121| Model Time :37.596837282180786 | DataProcessing Time :71.61692667007446
Training Epoch : 248 | Total loss : 0.2942 
Validation Epoch : 248 | Total loss : 0.37658700| Model Time :37.4357852935791 | DataProcessing Time :71.93632483482361
Training Epoch : 249 | Total loss : 0.2949 
Validation Epoch : 249 | Total loss : 0.37801024| Model Time :36.88030195236206 | DataProcessing Time :71.14612650871277
Training Epoch : 250 | Total loss : 0.2949 
Validation Epoch : 250 | Total loss : 0.37635955| Model Time :38.306560754776 | DataProcessing Time :72.00201225280762
Training Epoch : 251 | Total loss : 0.2946 
Validation Epoch : 251 | Total loss : 0.37796587| Model Time :36.35244369506836 | DataProcessing Time :71.90190768241882
Training Epoch : 252 | Total loss : 0.2941 
Validation Epoch : 252 | Total loss : 0.37638468| Model Time :36.697174072265625 | DataProcessing Time :70.78223872184753
Training Epoch : 253 | Total loss : 0.2945 
Validation Epoch : 253 | Total loss : 0.37555856| Model Time :38.03901696205139 | DataProcessing Time :73.61656332015991
Training Epoch : 254 | Total loss : 0.2945 
Validation Epoch : 254 | Total loss : 0.37651545| Model Time :37.30208611488342 | DataProcessing Time :73.45266842842102
Training Epoch : 255 | Total loss : 0.2945 
Validation Epoch : 255 | Total loss : 0.37940466| Model Time :37.862847089767456 | DataProcessing Time :71.1661548614502
Training Epoch : 256 | Total loss : 0.2938 
Validation Epoch : 256 | Total loss : 0.37989348| Model Time :37.2840621471405 | DataProcessing Time :73.43625521659851
Training Epoch : 257 | Total loss : 0.2940 
Validation Epoch : 257 | Total loss : 0.37656507| Model Time :37.37149500846863 | DataProcessing Time :72.62265586853027
Training Epoch : 258 | Total loss : 0.2933 
Validation Epoch : 258 | Total loss : 0.37916020| Model Time :37.368945837020874 | DataProcessing Time :71.87993288040161
Training Epoch : 259 | Total loss : 0.2940 
Validation Epoch : 259 | Total loss : 0.37716600| Model Time :39.29887127876282 | DataProcessing Time :71.366938829422
Training Epoch : 260 | Total loss : 0.2939 
Validation Epoch : 260 | Total loss : 0.37793586| Model Time :36.52400612831116 | DataProcessing Time :74.03602457046509
Training Epoch : 261 | Total loss : 0.2930 
Validation Epoch : 261 | Total loss : 0.38180301| Model Time :37.433895111083984 | DataProcessing Time :70.13849949836731
Training Epoch : 262 | Total loss : 0.2927 
Validation Epoch : 262 | Total loss : 0.37919584| Model Time :36.50337743759155 | DataProcessing Time :72.7056291103363
Training Epoch : 263 | Total loss : 0.2927 
Validation Epoch : 263 | Total loss : 0.37935755| Model Time :37.34405517578125 | DataProcessing Time :70.38935708999634
Training Epoch : 264 | Total loss : 0.2927 
Validation Epoch : 264 | Total loss : 0.37969533| Model Time :36.666568994522095 | DataProcessing Time :72.17921423912048
Training Epoch : 265 | Total loss : 0.2934 
Validation Epoch : 265 | Total loss : 0.38007751| Model Time :37.32699418067932 | DataProcessing Time :70.78354907035828
Training Epoch : 266 | Total loss : 0.2941 
Validation Epoch : 266 | Total loss : 0.37822872| Model Time :36.99160671234131 | DataProcessing Time :70.24624490737915
Training Epoch : 267 | Total loss : 0.2934 
Validation Epoch : 267 | Total loss : 0.37710488| Model Time :37.11154508590698 | DataProcessing Time :73.84546899795532
Training Epoch : 268 | Total loss : 0.2927 
Validation Epoch : 268 | Total loss : 0.38011855| Model Time :37.19432258605957 | DataProcessing Time :73.30410385131836
Training Epoch : 269 | Total loss : 0.2926 
SVD converge fail SVD did not converge
Validation Epoch : 269 | Total loss : 0.38027829| Model Time :36.75682592391968 | DataProcessing Time :70.40447902679443
Training Epoch : 270 | Total loss : 0.2924 
Validation Epoch : 270 | Total loss : 0.37917706| Model Time :36.405686140060425 | DataProcessing Time :72.8732738494873
Training Epoch : 271 | Total loss : 0.2922 
Validation Epoch : 271 | Total loss : 0.37757832| Model Time :37.15918946266174 | DataProcessing Time :72.47917151451111
Training Epoch : 272 | Total loss : 0.2924 
Validation Epoch : 272 | Total loss : 0.37921298| Model Time :36.73544907569885 | DataProcessing Time :72.2801034450531
Training Epoch : 273 | Total loss : 0.2923 
Validation Epoch : 273 | Total loss : 0.37934530| Model Time :37.13099932670593 | DataProcessing Time :72.01899886131287
Training Epoch : 274 | Total loss : 0.2927 
Validation Epoch : 274 | Total loss : 0.38058665| Model Time :36.66923761367798 | DataProcessing Time :72.20696997642517
Training Epoch : 275 | Total loss : 0.2928 
Validation Epoch : 275 | Total loss : 0.37743104| Model Time :37.29157614707947 | DataProcessing Time :71.18843650817871
Training Epoch : 276 | Total loss : 0.2923 
Validation Epoch : 276 | Total loss : 0.37763485| Model Time :37.07261800765991 | DataProcessing Time :72.63689684867859
Training Epoch : 277 | Total loss : 0.2918 
Validation Epoch : 277 | Total loss : 0.38100800| Model Time :37.0245156288147 | DataProcessing Time :71.97126698493958
Training Epoch : 278 | Total loss : 0.2920 
Validation Epoch : 278 | Total loss : 0.37918341| Model Time :37.2153046131134 | DataProcessing Time :71.34922647476196
Training Epoch : 279 | Total loss : 0.2922 
Validation Epoch : 279 | Total loss : 0.38111979| Model Time :36.64465856552124 | DataProcessing Time :74.98143124580383
Training Epoch : 280 | Total loss : 0.2925 
Validation Epoch : 280 | Total loss : 0.37926313| Model Time :36.8941855430603 | DataProcessing Time :71.73143076896667
Training Epoch : 281 | Total loss : 0.2929 
Validation Epoch : 281 | Total loss : 0.37819642| Model Time :37.59743642807007 | DataProcessing Time :72.32600474357605
Training Epoch : 282 | Total loss : 0.2933 
SVD converge fail SVD did not converge
Validation Epoch : 282 | Total loss : 0.37832955| Model Time :37.882648944854736 | DataProcessing Time :72.68179512023926
Training Epoch : 283 | Total loss : 0.2926 
Validation Epoch : 283 | Total loss : 0.37869722| Model Time :37.52251863479614 | DataProcessing Time :70.21839952468872
Training Epoch : 284 | Total loss : 0.2923 
SVD converge fail SVD did not converge
Validation Epoch : 284 | Total loss : 0.37945071| Model Time :38.52218174934387 | DataProcessing Time :71.32941746711731
Training Epoch : 285 | Total loss : 0.2918 
Validation Epoch : 285 | Total loss : 0.37999097| Model Time :36.430603981018066 | DataProcessing Time :71.87292075157166
Training Epoch : 286 | Total loss : 0.2921 
SVD converge fail SVD did not converge
Validation Epoch : 286 | Total loss : 0.37939173| Model Time :36.69930911064148 | DataProcessing Time :70.61392784118652
Training Epoch : 287 | Total loss : 0.2921 
Validation Epoch : 287 | Total loss : 0.37919959| Model Time :37.64420413970947 | DataProcessing Time :70.06724786758423
Training Epoch : 288 | Total loss : 0.2917 
Validation Epoch : 288 | Total loss : 0.38320452| Model Time :37.522592067718506 | DataProcessing Time :72.50655245780945
Training Epoch : 289 | Total loss : 0.2917 
Validation Epoch : 289 | Total loss : 0.37777045| Model Time :41.177305936813354 | DataProcessing Time :70.06709885597229
Training Epoch : 290 | Total loss : 0.2918 
SVD converge fail SVD did not converge
Validation Epoch : 290 | Total loss : 0.37929550| Model Time :36.556227684020996 | DataProcessing Time :70.08973693847656
Training Epoch : 291 | Total loss : 0.2916 
Validation Epoch : 291 | Total loss : 0.38057080| Model Time :36.74894857406616 | DataProcessing Time :70.03823494911194
Training Epoch : 292 | Total loss : 0.2924 
Validation Epoch : 292 | Total loss : 0.37598625| Model Time :38.43580889701843 | DataProcessing Time :70.51642990112305
Training Epoch : 293 | Total loss : 0.2923 
Validation Epoch : 293 | Total loss : 0.37869856| Model Time :37.554012060165405 | DataProcessing Time :73.2478575706482
Training Epoch : 294 | Total loss : 0.2930 
SVD converge fail SVD did not converge
Validation Epoch : 294 | Total loss : 0.38182557| Model Time :36.698325395584106 | DataProcessing Time :70.76664638519287
Training Epoch : 295 | Total loss : 0.2919 
Validation Epoch : 295 | Total loss : 0.37999615| Model Time :36.43580079078674 | DataProcessing Time :71.89454889297485
Training Epoch : 296 | Total loss : 0.2912 
Validation Epoch : 296 | Total loss : 0.38329986| Model Time :37.20552086830139 | DataProcessing Time :70.14696216583252
Training Epoch : 297 | Total loss : 0.2907 
Validation Epoch : 297 | Total loss : 0.38354576| Model Time :37.20928883552551 | DataProcessing Time :72.46834015846252
Training Epoch : 298 | Total loss : 0.2907 
Validation Epoch : 298 | Total loss : 0.38135967| Model Time :37.316755294799805 | DataProcessing Time :74.53636193275452
Training Epoch : 299 | Total loss : 0.2908 
Validation Epoch : 299 | Total loss : 0.37918076| Model Time :36.3585319519043 | DataProcessing Time :71.48006510734558
